{"meta": {"format": 3, "version": "7.10.0", "timestamp": "2025-08-12T10:38:32.534738", "branch_coverage": false, "show_contexts": false}, "files": {"src/cc_orchestrator/__init__.py": {"executed_lines": [1, 3, 4, 5, 7, 8, 10], "summary": {"covered_lines": 6, "num_statements": 6, "percent_covered": 100.0, "percent_covered_display": "100", "missing_lines": 0, "excluded_lines": 0}, "missing_lines": [], "excluded_lines": [], "functions": {"": {"executed_lines": [1, 3, 4, 5, 7, 8, 10], "summary": {"covered_lines": 6, "num_statements": 6, "percent_covered": 100.0, "percent_covered_display": "100", "missing_lines": 0, "excluded_lines": 0}, "missing_lines": [], "excluded_lines": []}}, "classes": {"": {"executed_lines": [1, 3, 4, 5, 7, 8, 10], "summary": {"covered_lines": 6, "num_statements": 6, "percent_covered": 100.0, "percent_covered_display": "100", "missing_lines": 0, "excluded_lines": 0}, "missing_lines": [], "excluded_lines": []}}}, "src/cc_orchestrator/cli/__init__.py": {"executed_lines": [1, 3, 5], "summary": {"covered_lines": 2, "num_statements": 2, "percent_covered": 100.0, "percent_covered_display": "100", "missing_lines": 0, "excluded_lines": 0}, "missing_lines": [], "excluded_lines": [], "functions": {"": {"executed_lines": [1, 3, 5], "summary": {"covered_lines": 2, "num_statements": 2, "percent_covered": 100.0, "percent_covered_display": "100", "missing_lines": 0, "excluded_lines": 0}, "missing_lines": [], "excluded_lines": []}}, "classes": {"": {"executed_lines": [1, 3, 5], "summary": {"covered_lines": 2, "num_statements": 2, "percent_covered": 100.0, "percent_covered_display": "100", "missing_lines": 0, "excluded_lines": 0}, "missing_lines": [], "excluded_lines": []}}}, "src/cc_orchestrator/cli/config.py": {"executed_lines": [1, 3, 4, 6, 8, 15, 18, 21, 22, 24, 27, 28, 29, 31, 32, 33, 34, 35, 36, 38, 39, 40, 43, 44, 45, 46, 47, 50, 51, 52, 53, 56, 58, 59, 60, 61, 62, 65, 66, 69, 70, 71, 72, 75, 87, 88, 89, 90, 91, 92, 93, 94, 95, 96, 97, 98, 101, 102, 103, 106, 108, 109, 110, 112, 113, 116, 117, 118, 119, 121, 122, 123, 124, 125, 127, 128, 129, 131, 133, 134, 137, 138, 139, 141, 142, 143, 144, 145, 147, 148, 150, 151, 154, 155, 156, 157, 159, 160, 161, 163, 164, 166, 167, 170, 171, 172, 174, 175, 176, 178, 179, 180, 183, 185, 187, 188, 189, 190, 192, 193, 195, 196, 199, 200, 202, 209, 210, 211, 213, 214, 228, 229], "summary": {"covered_lines": 131, "num_statements": 135, "percent_covered": 97.03703703703704, "percent_covered_display": "97", "missing_lines": 4, "excluded_lines": 0}, "missing_lines": [80, 82, 83, 84], "excluded_lines": [], "functions": {"config": {"executed_lines": [24], "summary": {"covered_lines": 1, "num_statements": 1, "percent_covered": 100.0, "percent_covered_display": "100", "missing_lines": 0, "excluded_lines": 0}, "missing_lines": [], "excluded_lines": []}, "show": {"executed_lines": [31, 32, 33, 34, 35, 36, 38, 39, 40], "summary": {"covered_lines": 9, "num_statements": 9, "percent_covered": 100.0, "percent_covered_display": "100", "missing_lines": 0, "excluded_lines": 0}, "missing_lines": [], "excluded_lines": []}, "set": {"executed_lines": [50, 51, 52, 53], "summary": {"covered_lines": 4, "num_statements": 4, "percent_covered": 100.0, "percent_covered_display": "100", "missing_lines": 0, "excluded_lines": 0}, "missing_lines": [], "excluded_lines": []}, "_set_config_value": {"executed_lines": [58, 59, 60, 61, 62, 65, 66, 69, 70, 71, 72, 75, 87, 88, 89, 90, 91, 92, 93, 94, 95, 96, 97, 98, 101, 102, 103, 106, 108, 109, 110, 112, 113], "summary": {"covered_lines": 33, "num_statements": 37, "percent_covered": 89.1891891891892, "percent_covered_display": "89", "missing_lines": 4, "excluded_lines": 0}, "missing_lines": [80, 82, 83, 84], "excluded_lines": []}, "get": {"executed_lines": [121, 122, 123, 124, 125, 127, 128, 129, 131, 133, 134], "summary": {"covered_lines": 11, "num_statements": 11, "percent_covered": 100.0, "percent_covered_display": "100", "missing_lines": 0, "excluded_lines": 0}, "missing_lines": [], "excluded_lines": []}, "validate": {"executed_lines": [141, 142, 143, 144, 145, 147, 148, 150, 151], "summary": {"covered_lines": 9, "num_statements": 9, "percent_covered": 100.0, "percent_covered_display": "100", "missing_lines": 0, "excluded_lines": 0}, "missing_lines": [], "excluded_lines": []}, "init": {"executed_lines": [159, 160, 161, 163, 164, 166, 167], "summary": {"covered_lines": 7, "num_statements": 7, "percent_covered": 100.0, "percent_covered_display": "100", "missing_lines": 0, "excluded_lines": 0}, "missing_lines": [], "excluded_lines": []}, "profiles": {"executed_lines": [174, 175, 176, 178, 179, 180, 183, 185, 187, 188, 189, 190, 192, 193, 195, 196], "summary": {"covered_lines": 16, "num_statements": 16, "percent_covered": 100.0, "percent_covered_display": "100", "missing_lines": 0, "excluded_lines": 0}, "missing_lines": [], "excluded_lines": []}, "locations": {"executed_lines": [202, 209, 210, 211, 213, 214, 228, 229], "summary": {"covered_lines": 8, "num_statements": 8, "percent_covered": 100.0, "percent_covered_display": "100", "missing_lines": 0, "excluded_lines": 0}, "missing_lines": [], "excluded_lines": []}, "": {"executed_lines": [1, 3, 4, 6, 8, 15, 18, 21, 22, 27, 28, 29, 43, 44, 45, 46, 47, 56, 116, 117, 118, 119, 137, 138, 139, 154, 155, 156, 157, 170, 171, 172, 199, 200], "summary": {"covered_lines": 33, "num_statements": 33, "percent_covered": 100.0, "percent_covered_display": "100", "missing_lines": 0, "excluded_lines": 0}, "missing_lines": [], "excluded_lines": []}}, "classes": {"": {"executed_lines": [1, 3, 4, 6, 8, 15, 18, 21, 22, 24, 27, 28, 29, 31, 32, 33, 34, 35, 36, 38, 39, 40, 43, 44, 45, 46, 47, 50, 51, 52, 53, 56, 58, 59, 60, 61, 62, 65, 66, 69, 70, 71, 72, 75, 87, 88, 89, 90, 91, 92, 93, 94, 95, 96, 97, 98, 101, 102, 103, 106, 108, 109, 110, 112, 113, 116, 117, 118, 119, 121, 122, 123, 124, 125, 127, 128, 129, 131, 133, 134, 137, 138, 139, 141, 142, 143, 144, 145, 147, 148, 150, 151, 154, 155, 156, 157, 159, 160, 161, 163, 164, 166, 167, 170, 171, 172, 174, 175, 176, 178, 179, 180, 183, 185, 187, 188, 189, 190, 192, 193, 195, 196, 199, 200, 202, 209, 210, 211, 213, 214, 228, 229], "summary": {"covered_lines": 131, "num_statements": 135, "percent_covered": 97.03703703703704, "percent_covered_display": "97", "missing_lines": 4, "excluded_lines": 0}, "missing_lines": [80, 82, 83, 84], "excluded_lines": []}}}, "src/cc_orchestrator/cli/instances.py": {"executed_lines": [1, 3, 4, 5, 6, 7, 9, 11, 12, 14, 17, 18, 20, 23, 24, 25, 28, 29, 30, 31, 33, 35, 36, 37, 39, 40, 43, 44, 45, 46, 48, 49, 57, 59, 60, 67, 68, 69, 70, 71, 72, 73, 74, 75, 76, 77, 78, 79, 80, 82, 84, 85, 86, 87, 89, 91, 94, 95, 96, 101, 102, 105, 106, 115, 116, 117, 118, 121, 122, 123, 124, 125, 126, 128, 129, 132, 133, 134, 135, 136, 140, 143, 144, 146, 149, 150, 154, 155, 156, 159, 160, 161, 162, 163, 164, 165, 167, 170, 172, 173, 174, 175, 177, 180, 181, 182, 183, 185, 186, 187, 189, 191, 193, 194, 195, 196, 198, 200, 203, 204, 205, 208, 211, 212, 215, 216, 217, 218, 220, 221, 222, 223, 224, 226, 227, 228, 230, 231, 232, 233, 237, 238, 239, 242, 244, 245, 246, 248, 250, 251, 252, 254, 256, 258, 259, 260, 261, 263, 265, 268, 269, 270, 271, 274, 275, 276, 277, 279, 281, 282, 284, 285, 286, 288, 289, 290, 291, 294, 295, 296, 297, 299, 300, 308, 310, 311, 323, 324, 326, 327, 328, 329, 330, 331, 332, 333, 337, 340, 342, 344, 345, 346, 347, 349, 351], "summary": {"covered_lines": 204, "num_statements": 204, "percent_covered": 100.0, "percent_covered_display": "100", "missing_lines": 0, "excluded_lines": 0}, "missing_lines": [], "excluded_lines": [], "functions": {"instances": {"executed_lines": [20], "summary": {"covered_lines": 1, "num_statements": 1, "percent_covered": 100.0, "percent_covered_display": "100", "missing_lines": 0, "excluded_lines": 0}, "missing_lines": [], "excluded_lines": []}, "status": {"executed_lines": [28, 91], "summary": {"covered_lines": 2, "num_statements": 2, "percent_covered": 100.0, "percent_covered_display": "100", "missing_lines": 0, "excluded_lines": 0}, "missing_lines": [], "excluded_lines": []}, "status._status": {"executed_lines": [29, 30, 31, 33, 35, 36, 37, 39, 40, 43, 44, 45, 46, 48, 49, 57, 59, 60, 67, 68, 69, 70, 71, 72, 73, 74, 75, 76, 77, 78, 79, 80, 82, 84, 85, 86, 87, 89], "summary": {"covered_lines": 38, "num_statements": 38, "percent_covered": 100.0, "percent_covered_display": "100", "missing_lines": 0, "excluded_lines": 0}, "missing_lines": [], "excluded_lines": []}, "start": {"executed_lines": [115, 200], "summary": {"covered_lines": 2, "num_statements": 2, "percent_covered": 100.0, "percent_covered_display": "100", "missing_lines": 0, "excluded_lines": 0}, "missing_lines": [], "excluded_lines": []}, "start._start": {"executed_lines": [116, 117, 118, 121, 122, 123, 124, 125, 126, 128, 129, 132, 133, 134, 135, 136, 140, 143, 144, 146, 149, 150, 154, 155, 156, 159, 160, 161, 162, 163, 164, 165, 167, 170, 172, 173, 174, 175, 177, 180, 181, 182, 183, 185, 186, 187, 189, 191, 193, 194, 195, 196, 198], "summary": {"covered_lines": 53, "num_statements": 53, "percent_covered": 100.0, "percent_covered_display": "100", "missing_lines": 0, "excluded_lines": 0}, "missing_lines": [], "excluded_lines": []}, "stop": {"executed_lines": [215, 265], "summary": {"covered_lines": 2, "num_statements": 2, "percent_covered": 100.0, "percent_covered_display": "100", "missing_lines": 0, "excluded_lines": 0}, "missing_lines": [], "excluded_lines": []}, "stop._stop": {"executed_lines": [216, 217, 218, 220, 221, 222, 223, 224, 226, 227, 228, 230, 231, 232, 233, 237, 238, 239, 242, 244, 245, 246, 248, 250, 251, 252, 254, 256, 258, 259, 260, 261, 263], "summary": {"covered_lines": 33, "num_statements": 33, "percent_covered": 100.0, "percent_covered_display": "100", "missing_lines": 0, "excluded_lines": 0}, "missing_lines": [], "excluded_lines": []}, "list": {"executed_lines": [274, 351], "summary": {"covered_lines": 2, "num_statements": 2, "percent_covered": 100.0, "percent_covered_display": "100", "missing_lines": 0, "excluded_lines": 0}, "missing_lines": [], "excluded_lines": []}, "list._list": {"executed_lines": [275, 276, 277, 279, 281, 282, 284, 285, 286, 288, 289, 290, 291, 294, 295, 296, 297, 299, 300, 308, 310, 311, 323, 324, 326, 327, 328, 329, 330, 331, 332, 333, 337, 340, 342, 344, 345, 346, 347, 349], "summary": {"covered_lines": 40, "num_statements": 40, "percent_covered": 100.0, "percent_covered_display": "100", "missing_lines": 0, "excluded_lines": 0}, "missing_lines": [], "excluded_lines": []}, "": {"executed_lines": [1, 3, 4, 5, 6, 7, 9, 11, 12, 14, 17, 18, 23, 24, 25, 94, 95, 96, 101, 102, 105, 106, 203, 204, 205, 208, 211, 212, 268, 269, 270, 271], "summary": {"covered_lines": 31, "num_statements": 31, "percent_covered": 100.0, "percent_covered_display": "100", "missing_lines": 0, "excluded_lines": 0}, "missing_lines": [], "excluded_lines": []}}, "classes": {"": {"executed_lines": [1, 3, 4, 5, 6, 7, 9, 11, 12, 14, 17, 18, 20, 23, 24, 25, 28, 29, 30, 31, 33, 35, 36, 37, 39, 40, 43, 44, 45, 46, 48, 49, 57, 59, 60, 67, 68, 69, 70, 71, 72, 73, 74, 75, 76, 77, 78, 79, 80, 82, 84, 85, 86, 87, 89, 91, 94, 95, 96, 101, 102, 105, 106, 115, 116, 117, 118, 121, 122, 123, 124, 125, 126, 128, 129, 132, 133, 134, 135, 136, 140, 143, 144, 146, 149, 150, 154, 155, 156, 159, 160, 161, 162, 163, 164, 165, 167, 170, 172, 173, 174, 175, 177, 180, 181, 182, 183, 185, 186, 187, 189, 191, 193, 194, 195, 196, 198, 200, 203, 204, 205, 208, 211, 212, 215, 216, 217, 218, 220, 221, 222, 223, 224, 226, 227, 228, 230, 231, 232, 233, 237, 238, 239, 242, 244, 245, 246, 248, 250, 251, 252, 254, 256, 258, 259, 260, 261, 263, 265, 268, 269, 270, 271, 274, 275, 276, 277, 279, 281, 282, 284, 285, 286, 288, 289, 290, 291, 294, 295, 296, 297, 299, 300, 308, 310, 311, 323, 324, 326, 327, 328, 329, 330, 331, 332, 333, 337, 340, 342, 344, 345, 346, 347, 349, 351], "summary": {"covered_lines": 204, "num_statements": 204, "percent_covered": 100.0, "percent_covered_display": "100", "missing_lines": 0, "excluded_lines": 0}, "missing_lines": [], "excluded_lines": []}}}, "src/cc_orchestrator/cli/main.py": {"executed_lines": [1, 3, 5, 7, 8, 9, 10, 11, 12, 15, 18, 19, 20, 21, 22, 23, 24, 26, 27, 28, 29, 30, 31, 32, 33, 34, 63, 64, 65, 66, 67, 68, 71, 81, 86, 91, 92, 93, 94, 95, 96, 99], "summary": {"covered_lines": 40, "num_statements": 41, "percent_covered": 97.5609756097561, "percent_covered_display": "98", "missing_lines": 1, "excluded_lines": 2}, "missing_lines": [87], "excluded_lines": [99, 100], "functions": {"main": {"executed_lines": [63, 64, 65, 66, 67, 68, 71, 81, 86], "summary": {"covered_lines": 9, "num_statements": 10, "percent_covered": 90.0, "percent_covered_display": "90", "missing_lines": 1, "excluded_lines": 0}, "missing_lines": [87], "excluded_lines": []}, "": {"executed_lines": [1, 3, 5, 7, 8, 9, 10, 11, 12, 15, 18, 19, 20, 21, 22, 23, 24, 26, 27, 28, 29, 30, 31, 32, 33, 34, 91, 92, 93, 94, 95, 96, 99], "summary": {"covered_lines": 31, "num_statements": 31, "percent_covered": 100.0, "percent_covered_display": "100", "missing_lines": 0, "excluded_lines": 2}, "missing_lines": [], "excluded_lines": [99, 100]}}, "classes": {"": {"executed_lines": [1, 3, 5, 7, 8, 9, 10, 11, 12, 15, 18, 19, 20, 21, 22, 23, 24, 26, 27, 28, 29, 30, 31, 32, 33, 34, 63, 64, 65, 66, 67, 68, 71, 81, 86, 91, 92, 93, 94, 95, 96, 99], "summary": {"covered_lines": 40, "num_statements": 41, "percent_covered": 97.5609756097561, "percent_covered_display": "98", "missing_lines": 1, "excluded_lines": 2}, "missing_lines": [87], "excluded_lines": [99, 100]}}}, "src/cc_orchestrator/cli/tasks.py": {"executed_lines": [1, 3, 6, 7, 12, 13, 18, 19, 20, 25, 26, 27], "summary": {"covered_lines": 11, "num_statements": 15, "percent_covered": 73.33333333333333, "percent_covered_display": "73", "missing_lines": 4, "excluded_lines": 0}, "missing_lines": [9, 15, 22, 29], "excluded_lines": [], "functions": {"tasks": {"executed_lines": [], "summary": {"covered_lines": 0, "num_statements": 1, "percent_covered": 0.0, "percent_covered_display": "0", "missing_lines": 1, "excluded_lines": 0}, "missing_lines": [9], "excluded_lines": []}, "list": {"executed_lines": [], "summary": {"covered_lines": 0, "num_statements": 1, "percent_covered": 0.0, "percent_covered_display": "0", "missing_lines": 1, "excluded_lines": 0}, "missing_lines": [15], "excluded_lines": []}, "show": {"executed_lines": [], "summary": {"covered_lines": 0, "num_statements": 1, "percent_covered": 0.0, "percent_covered_display": "0", "missing_lines": 1, "excluded_lines": 0}, "missing_lines": [22], "excluded_lines": []}, "assign": {"executed_lines": [], "summary": {"covered_lines": 0, "num_statements": 1, "percent_covered": 0.0, "percent_covered_display": "0", "missing_lines": 1, "excluded_lines": 0}, "missing_lines": [29], "excluded_lines": []}, "": {"executed_lines": [1, 3, 6, 7, 12, 13, 18, 19, 20, 25, 26, 27], "summary": {"covered_lines": 11, "num_statements": 11, "percent_covered": 100.0, "percent_covered_display": "100", "missing_lines": 0, "excluded_lines": 0}, "missing_lines": [], "excluded_lines": []}}, "classes": {"": {"executed_lines": [1, 3, 6, 7, 12, 13, 18, 19, 20, 25, 26, 27], "summary": {"covered_lines": 11, "num_statements": 15, "percent_covered": 73.33333333333333, "percent_covered_display": "73", "missing_lines": 4, "excluded_lines": 0}, "missing_lines": [9, 15, 22, 29], "excluded_lines": []}}}, "src/cc_orchestrator/cli/tmux.py": {"executed_lines": [1, 3, 4, 5, 6, 7, 9, 11, 17, 20, 21, 27, 30, 31, 32, 33, 38, 43, 48, 53, 54, 55, 71, 72, 73, 74, 78, 87, 88, 89, 90, 100, 101, 103, 106, 107, 108, 109, 110, 117, 118, 119, 124, 125, 126, 132, 133, 134, 135, 137, 138, 140, 143, 144, 146, 148, 152, 153, 154, 155, 156, 183, 184, 185, 186, 187, 213, 214, 219, 220, 221, 224, 225, 226, 227, 242, 243, 245, 248, 249, 250, 269, 270, 271, 272, 273, 279, 280, 281, 282, 296, 298, 299, 301, 302, 322, 326, 327, 331, 336, 337, 338, 344, 345, 346, 349, 351, 352, 354, 357, 358, 362, 368, 369, 370, 371, 374, 375, 377, 388, 392, 393, 395, 396, 397, 398, 399, 402, 403, 406, 407, 408, 409, 414, 415, 416, 429, 430, 431, 432, 437, 446, 455, 461, 462, 464, 472, 473, 474], "summary": {"covered_lines": 148, "num_statements": 231, "percent_covered": 64.06926406926407, "percent_covered_display": "64", "missing_lines": 83, "excluded_lines": 0}, "missing_lines": [75, 76, 104, 111, 113, 114, 141, 149, 162, 163, 164, 165, 167, 168, 170, 171, 173, 174, 175, 177, 179, 180, 193, 194, 195, 196, 198, 199, 201, 202, 204, 205, 207, 209, 210, 246, 252, 253, 254, 255, 256, 257, 258, 259, 260, 261, 262, 263, 265, 266, 283, 304, 305, 307, 308, 309, 310, 311, 312, 313, 314, 315, 317, 318, 319, 320, 323, 355, 359, 360, 364, 365, 378, 379, 380, 386, 389, 390, 434, 435, 447, 465, 470], "excluded_lines": [], "functions": {"tmux": {"executed_lines": [27], "summary": {"covered_lines": 1, "num_statements": 1, "percent_covered": 100.0, "percent_covered_display": "100", "missing_lines": 0, "excluded_lines": 0}, "missing_lines": [], "excluded_lines": []}, "create": {"executed_lines": [71, 72, 73, 74, 78, 87, 100, 101, 103, 106, 107, 108, 109, 110], "summary": {"covered_lines": 14, "num_statements": 20, "percent_covered": 70.0, "percent_covered_display": "70", "missing_lines": 6, "excluded_lines": 0}, "missing_lines": [75, 76, 104, 111, 113, 114], "excluded_lines": []}, "create._create_session": {"executed_lines": [88, 89, 90], "summary": {"covered_lines": 3, "num_statements": 3, "percent_covered": 100.0, "percent_covered_display": "100", "missing_lines": 0, "excluded_lines": 0}, "missing_lines": [], "excluded_lines": []}, "destroy": {"executed_lines": [132, 137, 138, 140, 143, 144, 146, 148], "summary": {"covered_lines": 8, "num_statements": 10, "percent_covered": 80.0, "percent_covered_display": "80", "missing_lines": 2, "excluded_lines": 0}, "missing_lines": [141, 149], "excluded_lines": []}, "destroy._destroy_session": {"executed_lines": [133, 134, 135], "summary": {"covered_lines": 3, "num_statements": 3, "percent_covered": 100.0, "percent_covered_display": "100", "missing_lines": 0, "excluded_lines": 0}, "missing_lines": [], "excluded_lines": []}, "attach": {"executed_lines": [], "summary": {"covered_lines": 0, "num_statements": 11, "percent_covered": 0.0, "percent_covered_display": "0", "missing_lines": 11, "excluded_lines": 0}, "missing_lines": [162, 167, 168, 170, 171, 173, 174, 175, 177, 179, 180], "excluded_lines": []}, "attach._attach_session": {"executed_lines": [], "summary": {"covered_lines": 0, "num_statements": 3, "percent_covered": 0.0, "percent_covered_display": "0", "missing_lines": 3, "excluded_lines": 0}, "missing_lines": [163, 164, 165], "excluded_lines": []}, "detach": {"executed_lines": [], "summary": {"covered_lines": 0, "num_statements": 10, "percent_covered": 0.0, "percent_covered_display": "0", "missing_lines": 10, "excluded_lines": 0}, "missing_lines": [193, 198, 199, 201, 202, 204, 205, 207, 209, 210], "excluded_lines": []}, "detach._detach_session": {"executed_lines": [], "summary": {"covered_lines": 0, "num_statements": 3, "percent_covered": 0.0, "percent_covered_display": "0", "missing_lines": 3, "excluded_lines": 0}, "missing_lines": [194, 195, 196], "excluded_lines": []}, "list": {"executed_lines": [224, 242, 243, 245, 248, 249, 250], "summary": {"covered_lines": 7, "num_statements": 22, "percent_covered": 31.818181818181817, "percent_covered_display": "32", "missing_lines": 15, "excluded_lines": 0}, "missing_lines": [246, 252, 253, 254, 255, 256, 257, 258, 259, 260, 261, 262, 263, 265, 266], "excluded_lines": []}, "list._list_sessions": {"executed_lines": [225, 226, 227], "summary": {"covered_lines": 3, "num_statements": 3, "percent_covered": 100.0, "percent_covered_display": "100", "missing_lines": 0, "excluded_lines": 0}, "missing_lines": [], "excluded_lines": []}, "info": {"executed_lines": [279, 298, 299, 301, 302, 322], "summary": {"covered_lines": 6, "num_statements": 22, "percent_covered": 27.272727272727273, "percent_covered_display": "27", "missing_lines": 16, "excluded_lines": 0}, "missing_lines": [304, 305, 307, 308, 309, 310, 311, 312, 313, 314, 315, 317, 318, 319, 320, 323], "excluded_lines": []}, "info._get_session_info": {"executed_lines": [280, 281, 282, 296], "summary": {"covered_lines": 4, "num_statements": 5, "percent_covered": 80.0, "percent_covered_display": "80", "missing_lines": 1, "excluded_lines": 0}, "missing_lines": [283], "excluded_lines": []}, "cleanup": {"executed_lines": [344, 351, 352, 354, 357, 358, 362], "summary": {"covered_lines": 7, "num_statements": 12, "percent_covered": 58.333333333333336, "percent_covered_display": "58", "missing_lines": 5, "excluded_lines": 0}, "missing_lines": [355, 359, 360, 364, 365], "excluded_lines": []}, "cleanup._cleanup_sessions": {"executed_lines": [345, 346, 349], "summary": {"covered_lines": 3, "num_statements": 3, "percent_covered": 100.0, "percent_covered_display": "100", "missing_lines": 0, "excluded_lines": 0}, "missing_lines": [], "excluded_lines": []}, "templates": {"executed_lines": [374, 375, 377, 388, 392, 393, 395, 396, 397, 398, 399, 402, 403], "summary": {"covered_lines": 13, "num_statements": 19, "percent_covered": 68.42105263157895, "percent_covered_display": "68", "missing_lines": 6, "excluded_lines": 0}, "missing_lines": [378, 379, 380, 386, 389, 390], "excluded_lines": []}, "add_template": {"executed_lines": [429, 430, 431, 432, 437, 446, 455, 461, 462, 464, 472, 473, 474], "summary": {"covered_lines": 13, "num_statements": 18, "percent_covered": 72.22222222222223, "percent_covered_display": "72", "missing_lines": 5, "excluded_lines": 0}, "missing_lines": [434, 435, 447, 465, 470], "excluded_lines": []}, "": {"executed_lines": [1, 3, 4, 5, 6, 7, 9, 11, 17, 20, 21, 30, 31, 32, 33, 38, 43, 48, 53, 54, 55, 117, 118, 119, 124, 125, 126, 152, 153, 154, 155, 156, 183, 184, 185, 186, 187, 213, 214, 219, 220, 221, 269, 270, 271, 272, 273, 326, 327, 331, 336, 337, 338, 368, 369, 370, 371, 406, 407, 408, 409, 414, 415, 416], "summary": {"covered_lines": 63, "num_statements": 63, "percent_covered": 100.0, "percent_covered_display": "100", "missing_lines": 0, "excluded_lines": 0}, "missing_lines": [], "excluded_lines": []}}, "classes": {"": {"executed_lines": [1, 3, 4, 5, 6, 7, 9, 11, 17, 20, 21, 27, 30, 31, 32, 33, 38, 43, 48, 53, 54, 55, 71, 72, 73, 74, 78, 87, 88, 89, 90, 100, 101, 103, 106, 107, 108, 109, 110, 117, 118, 119, 124, 125, 126, 132, 133, 134, 135, 137, 138, 140, 143, 144, 146, 148, 152, 153, 154, 155, 156, 183, 184, 185, 186, 187, 213, 214, 219, 220, 221, 224, 225, 226, 227, 242, 243, 245, 248, 249, 250, 269, 270, 271, 272, 273, 279, 280, 281, 282, 296, 298, 299, 301, 302, 322, 326, 327, 331, 336, 337, 338, 344, 345, 346, 349, 351, 352, 354, 357, 358, 362, 368, 369, 370, 371, 374, 375, 377, 388, 392, 393, 395, 396, 397, 398, 399, 402, 403, 406, 407, 408, 409, 414, 415, 416, 429, 430, 431, 432, 437, 446, 455, 461, 462, 464, 472, 473, 474], "summary": {"covered_lines": 148, "num_statements": 231, "percent_covered": 64.06926406926407, "percent_covered_display": "64", "missing_lines": 83, "excluded_lines": 0}, "missing_lines": [75, 76, 104, 111, 113, 114, 141, 149, 162, 163, 164, 165, 167, 168, 170, 171, 173, 174, 175, 177, 179, 180, 193, 194, 195, 196, 198, 199, 201, 202, 204, 205, 207, 209, 210, 246, 252, 253, 254, 255, 256, 257, 258, 259, 260, 261, 262, 263, 265, 266, 283, 304, 305, 307, 308, 309, 310, 311, 312, 313, 314, 315, 317, 318, 319, 320, 323, 355, 359, 360, 364, 365, 378, 379, 380, 386, 389, 390, 434, 435, 447, 465, 470], "excluded_lines": []}}}, "src/cc_orchestrator/cli/utils.py": {"executed_lines": [1, 3, 4, 5, 6, 7, 9, 12, 13, 15, 22, 23, 24, 27, 30, 31, 32, 33, 34, 35, 36, 37, 38, 39, 41, 44, 46, 49, 51, 54, 56, 57, 58, 61, 62, 63, 64, 65, 68, 71, 72, 75, 76, 79, 82, 84, 85, 88, 90, 91, 94, 96, 97, 100, 104, 105, 106, 107, 110, 111], "summary": {"covered_lines": 58, "num_statements": 58, "percent_covered": 100.0, "percent_covered_display": "100", "missing_lines": 0, "excluded_lines": 0}, "missing_lines": [], "excluded_lines": [], "functions": {"CliError.__init__": {"executed_lines": [22, 23, 24], "summary": {"covered_lines": 3, "num_statements": 3, "percent_covered": 100.0, "percent_covered_display": "100", "missing_lines": 0, "excluded_lines": 0}, "missing_lines": [], "excluded_lines": []}, "error_handler": {"executed_lines": [30, 31, 41], "summary": {"covered_lines": 3, "num_statements": 3, "percent_covered": 100.0, "percent_covered_display": "100", "missing_lines": 0, "excluded_lines": 0}, "missing_lines": [], "excluded_lines": []}, "error_handler.wrapper": {"executed_lines": [32, 33, 34, 35, 36, 37, 38, 39], "summary": {"covered_lines": 8, "num_statements": 8, "percent_covered": 100.0, "percent_covered_display": "100", "missing_lines": 0, "excluded_lines": 0}, "missing_lines": [], "excluded_lines": []}, "success_message": {"executed_lines": [46], "summary": {"covered_lines": 1, "num_statements": 1, "percent_covered": 100.0, "percent_covered_display": "100", "missing_lines": 0, "excluded_lines": 0}, "missing_lines": [], "excluded_lines": []}, "output_json": {"executed_lines": [51], "summary": {"covered_lines": 1, "num_statements": 1, "percent_covered": 100.0, "percent_covered_display": "100", "missing_lines": 0, "excluded_lines": 0}, "missing_lines": [], "excluded_lines": []}, "output_table": {"executed_lines": [56, 57, 58, 61, 62, 63, 64, 65, 68, 71, 72, 75, 76, 79], "summary": {"covered_lines": 14, "num_statements": 14, "percent_covered": 100.0, "percent_covered_display": "100", "missing_lines": 0, "excluded_lines": 0}, "missing_lines": [], "excluded_lines": []}, "handle_error": {"executed_lines": [84, 85], "summary": {"covered_lines": 2, "num_statements": 2, "percent_covered": 100.0, "percent_covered_display": "100", "missing_lines": 0, "excluded_lines": 0}, "missing_lines": [], "excluded_lines": []}, "verbose_echo": {"executed_lines": [90, 91], "summary": {"covered_lines": 2, "num_statements": 2, "percent_covered": 100.0, "percent_covered_display": "100", "missing_lines": 0, "excluded_lines": 0}, "missing_lines": [], "excluded_lines": []}, "quiet_echo": {"executed_lines": [96, 97], "summary": {"covered_lines": 2, "num_statements": 2, "percent_covered": 100.0, "percent_covered_display": "100", "missing_lines": 0, "excluded_lines": 0}, "missing_lines": [], "excluded_lines": []}, "format_output": {"executed_lines": [104, 105, 106, 107, 110, 111], "summary": {"covered_lines": 6, "num_statements": 6, "percent_covered": 100.0, "percent_covered_display": "100", "missing_lines": 0, "excluded_lines": 0}, "missing_lines": [], "excluded_lines": []}, "": {"executed_lines": [1, 3, 4, 5, 6, 7, 9, 12, 13, 15, 27, 44, 49, 54, 82, 88, 94, 100], "summary": {"covered_lines": 16, "num_statements": 16, "percent_covered": 100.0, "percent_covered_display": "100", "missing_lines": 0, "excluded_lines": 0}, "missing_lines": [], "excluded_lines": []}}, "classes": {"CliError": {"executed_lines": [22, 23, 24], "summary": {"covered_lines": 3, "num_statements": 3, "percent_covered": 100.0, "percent_covered_display": "100", "missing_lines": 0, "excluded_lines": 0}, "missing_lines": [], "excluded_lines": []}, "": {"executed_lines": [1, 3, 4, 5, 6, 7, 9, 12, 13, 15, 27, 30, 31, 32, 33, 34, 35, 36, 37, 38, 39, 41, 44, 46, 49, 51, 54, 56, 57, 58, 61, 62, 63, 64, 65, 68, 71, 72, 75, 76, 79, 82, 84, 85, 88, 90, 91, 94, 96, 97, 100, 104, 105, 106, 107, 110, 111], "summary": {"covered_lines": 55, "num_statements": 55, "percent_covered": 100.0, "percent_covered_display": "100", "missing_lines": 0, "excluded_lines": 0}, "missing_lines": [], "excluded_lines": []}}}, "src/cc_orchestrator/cli/web.py": {"executed_lines": [1, 3, 5, 6, 9, 10, 15, 16, 17, 18, 19, 41, 42, 48, 49], "summary": {"covered_lines": 14, "num_statements": 29, "percent_covered": 48.275862068965516, "percent_covered_display": "48", "missing_lines": 15, "excluded_lines": 0}, "missing_lines": [12, 21, 23, 24, 26, 27, 34, 35, 36, 37, 38, 44, 45, 51, 52], "excluded_lines": [], "functions": {"web": {"executed_lines": [], "summary": {"covered_lines": 0, "num_statements": 1, "percent_covered": 0.0, "percent_covered_display": "0", "missing_lines": 1, "excluded_lines": 0}, "missing_lines": [12], "excluded_lines": []}, "start": {"executed_lines": [], "summary": {"covered_lines": 0, "num_statements": 10, "percent_covered": 0.0, "percent_covered_display": "0", "missing_lines": 10, "excluded_lines": 0}, "missing_lines": [21, 23, 24, 26, 27, 34, 35, 36, 37, 38], "excluded_lines": []}, "stop": {"executed_lines": [], "summary": {"covered_lines": 0, "num_statements": 2, "percent_covered": 0.0, "percent_covered_display": "0", "missing_lines": 2, "excluded_lines": 0}, "missing_lines": [44, 45], "excluded_lines": []}, "status": {"executed_lines": [], "summary": {"covered_lines": 0, "num_statements": 2, "percent_covered": 0.0, "percent_covered_display": "0", "missing_lines": 2, "excluded_lines": 0}, "missing_lines": [51, 52], "excluded_lines": []}, "": {"executed_lines": [1, 3, 5, 6, 9, 10, 15, 16, 17, 18, 19, 41, 42, 48, 49], "summary": {"covered_lines": 14, "num_statements": 14, "percent_covered": 100.0, "percent_covered_display": "100", "missing_lines": 0, "excluded_lines": 0}, "missing_lines": [], "excluded_lines": []}}, "classes": {"": {"executed_lines": [1, 3, 5, 6, 9, 10, 15, 16, 17, 18, 19, 41, 42, 48, 49], "summary": {"covered_lines": 14, "num_statements": 29, "percent_covered": 48.275862068965516, "percent_covered_display": "48", "missing_lines": 15, "excluded_lines": 0}, "missing_lines": [12, 21, 23, 24, 26, 27, 34, 35, 36, 37, 38, 44, 45, 51, 52], "excluded_lines": []}}}, "src/cc_orchestrator/cli/worktrees.py": {"executed_lines": [1, 3, 4, 5, 7, 9, 10, 12, 15, 16, 18, 21, 22, 28, 29, 31, 32, 33, 37, 39, 40, 41, 42, 43, 44, 46, 47, 48, 51, 52, 53, 54, 58, 59, 60, 61, 62, 63, 64, 65, 68, 69, 70, 71, 72, 73, 74, 75, 81, 95, 96, 98, 107, 108, 110, 111, 112, 113, 114, 115, 117, 118, 119, 120, 121, 122, 123, 124, 127, 128, 129, 132, 137, 138, 141, 142, 143, 144, 145, 147, 148, 150, 151, 153, 154, 155, 156, 157, 158, 159, 160, 163, 164, 170, 172, 173, 174, 176, 177, 179, 180, 182, 183, 185, 186, 187, 188, 189, 190, 191, 192, 193, 195, 196, 197, 198, 199, 200, 201, 202, 205, 206, 207, 213, 218, 219, 222, 223, 224, 225, 226, 228, 230, 231, 232, 233, 234, 236, 237, 238, 239, 241, 242, 243, 244, 245, 246, 247, 248, 249, 251, 252, 254, 255, 256, 257, 258, 259, 260, 261], "summary": {"covered_lines": 159, "num_statements": 159, "percent_covered": 100.0, "percent_covered_display": "100", "missing_lines": 0, "excluded_lines": 0}, "missing_lines": [], "excluded_lines": [], "functions": {"worktrees": {"executed_lines": [18], "summary": {"covered_lines": 1, "num_statements": 1, "percent_covered": 100.0, "percent_covered_display": "100", "missing_lines": 0, "excluded_lines": 0}, "missing_lines": [], "excluded_lines": []}, "list": {"executed_lines": [31, 32, 33, 37, 39, 40, 41, 42, 43, 44, 46, 47, 48, 51, 52, 53, 54, 58, 59, 60, 61, 62, 63, 64, 65], "summary": {"covered_lines": 25, "num_statements": 25, "percent_covered": 100.0, "percent_covered_display": "100", "missing_lines": 0, "excluded_lines": 0}, "missing_lines": [], "excluded_lines": []}, "create": {"executed_lines": [95, 96, 98, 107, 108, 110, 111, 112, 113, 114, 115, 117, 118, 119, 120, 121, 122, 123, 124], "summary": {"covered_lines": 19, "num_statements": 19, "percent_covered": 100.0, "percent_covered_display": "100", "missing_lines": 0, "excluded_lines": 0}, "missing_lines": [], "excluded_lines": []}, "remove": {"executed_lines": [137, 138, 141, 142, 143, 144, 145, 147, 148, 150, 151, 153, 154, 155, 156, 157, 158, 159, 160], "summary": {"covered_lines": 19, "num_statements": 19, "percent_covered": 100.0, "percent_covered_display": "100", "missing_lines": 0, "excluded_lines": 0}, "missing_lines": [], "excluded_lines": []}, "cleanup": {"executed_lines": [172, 173, 174, 176, 177, 179, 180, 182, 183, 185, 186, 187, 188, 189, 190, 191, 192, 193, 195, 196, 197, 198, 199, 200, 201, 202], "summary": {"covered_lines": 26, "num_statements": 26, "percent_covered": 100.0, "percent_covered_display": "100", "missing_lines": 0, "excluded_lines": 0}, "missing_lines": [], "excluded_lines": []}, "status": {"executed_lines": [218, 219, 222, 223, 224, 225, 226, 228, 230, 231, 232, 233, 234, 236, 237, 238, 239, 241, 242, 243, 244, 245, 246, 247, 248, 249, 251, 252, 254, 255, 256, 257, 258, 259, 260, 261], "summary": {"covered_lines": 36, "num_statements": 36, "percent_covered": 100.0, "percent_covered_display": "100", "missing_lines": 0, "excluded_lines": 0}, "missing_lines": [], "excluded_lines": []}, "": {"executed_lines": [1, 3, 4, 5, 7, 9, 10, 12, 15, 16, 21, 22, 28, 29, 68, 69, 70, 71, 72, 73, 74, 75, 81, 127, 128, 129, 132, 163, 164, 170, 205, 206, 207, 213], "summary": {"covered_lines": 33, "num_statements": 33, "percent_covered": 100.0, "percent_covered_display": "100", "missing_lines": 0, "excluded_lines": 0}, "missing_lines": [], "excluded_lines": []}}, "classes": {"": {"executed_lines": [1, 3, 4, 5, 7, 9, 10, 12, 15, 16, 18, 21, 22, 28, 29, 31, 32, 33, 37, 39, 40, 41, 42, 43, 44, 46, 47, 48, 51, 52, 53, 54, 58, 59, 60, 61, 62, 63, 64, 65, 68, 69, 70, 71, 72, 73, 74, 75, 81, 95, 96, 98, 107, 108, 110, 111, 112, 113, 114, 115, 117, 118, 119, 120, 121, 122, 123, 124, 127, 128, 129, 132, 137, 138, 141, 142, 143, 144, 145, 147, 148, 150, 151, 153, 154, 155, 156, 157, 158, 159, 160, 163, 164, 170, 172, 173, 174, 176, 177, 179, 180, 182, 183, 185, 186, 187, 188, 189, 190, 191, 192, 193, 195, 196, 197, 198, 199, 200, 201, 202, 205, 206, 207, 213, 218, 219, 222, 223, 224, 225, 226, 228, 230, 231, 232, 233, 234, 236, 237, 238, 239, 241, 242, 243, 244, 245, 246, 247, 248, 249, 251, 252, 254, 255, 256, 257, 258, 259, 260, 261], "summary": {"covered_lines": 159, "num_statements": 159, "percent_covered": 100.0, "percent_covered_display": "100", "missing_lines": 0, "excluded_lines": 0}, "missing_lines": [], "excluded_lines": []}}}, "src/cc_orchestrator/config/__init__.py": {"executed_lines": [1, 3, 5], "summary": {"covered_lines": 2, "num_statements": 2, "percent_covered": 100.0, "percent_covered_display": "100", "missing_lines": 0, "excluded_lines": 0}, "missing_lines": [], "excluded_lines": [], "functions": {"": {"executed_lines": [1, 3, 5], "summary": {"covered_lines": 2, "num_statements": 2, "percent_covered": 100.0, "percent_covered_display": "100", "missing_lines": 0, "excluded_lines": 0}, "missing_lines": [], "excluded_lines": []}}, "classes": {"": {"executed_lines": [1, 3, 5], "summary": {"covered_lines": 2, "num_statements": 2, "percent_covered": 100.0, "percent_covered_display": "100", "missing_lines": 0, "excluded_lines": 0}, "missing_lines": [], "excluded_lines": []}}}, "src/cc_orchestrator/config/loader.py": {"executed_lines": [1, 3, 4, 5, 6, 8, 9, 12, 15, 16, 19, 22, 27, 30, 33, 34, 37, 38, 39, 42, 43, 46, 51, 54, 59, 61, 62, 63, 64, 68, 75, 76, 77, 82, 84, 85, 86, 93, 95, 96, 99, 114, 115, 128, 131, 144, 147, 148, 149, 152, 154, 156, 157, 158, 161, 164, 167, 168, 171, 172, 177, 179, 180, 189, 190, 191, 192, 193, 195], "summary": {"covered_lines": 67, "num_statements": 87, "percent_covered": 77.01149425287356, "percent_covered_display": "77", "missing_lines": 20, "excluded_lines": 0}, "missing_lines": [65, 79, 87, 88, 89, 90, 116, 118, 119, 120, 121, 122, 123, 124, 126, 173, 174, 183, 184, 185], "excluded_lines": [], "functions": {"find_config_file": {"executed_lines": [61, 62, 63, 64, 68, 75, 76, 77], "summary": {"covered_lines": 8, "num_statements": 10, "percent_covered": 80.0, "percent_covered_display": "80", "missing_lines": 2, "excluded_lines": 0}, "missing_lines": [65, 79], "excluded_lines": []}, "load_config_file": {"executed_lines": [84, 85, 86], "summary": {"covered_lines": 3, "num_statements": 7, "percent_covered": 42.857142857142854, "percent_covered_display": "43", "missing_lines": 4, "excluded_lines": 0}, "missing_lines": [87, 88, 89, 90], "excluded_lines": []}, "load_env_vars": {"executed_lines": [95, 96, 99, 114, 115, 128], "summary": {"covered_lines": 6, "num_statements": 15, "percent_covered": 40.0, "percent_covered_display": "40", "missing_lines": 9, "excluded_lines": 0}, "missing_lines": [116, 118, 119, 120, 121, 122, 123, 124, 126], "excluded_lines": []}, "load_config": {"executed_lines": [144, 147, 148, 149, 152, 154, 156, 157, 158, 161, 164, 167, 168, 171, 172], "summary": {"covered_lines": 15, "num_statements": 17, "percent_covered": 88.23529411764706, "percent_covered_display": "88", "missing_lines": 2, "excluded_lines": 0}, "missing_lines": [173, 174], "excluded_lines": []}, "save_config": {"executed_lines": [179, 180, 189, 190, 191, 192, 193, 195], "summary": {"covered_lines": 8, "num_statements": 11, "percent_covered": 72.72727272727273, "percent_covered_display": "73", "missing_lines": 3, "excluded_lines": 0}, "missing_lines": [183, 184, 185], "excluded_lines": []}, "": {"executed_lines": [1, 3, 4, 5, 6, 8, 9, 12, 15, 16, 19, 22, 27, 30, 33, 34, 37, 38, 39, 42, 43, 46, 51, 54, 59, 82, 93, 131, 177], "summary": {"covered_lines": 27, "num_statements": 27, "percent_covered": 100.0, "percent_covered_display": "100", "missing_lines": 0, "excluded_lines": 0}, "missing_lines": [], "excluded_lines": []}}, "classes": {"OrchestratorConfig": {"executed_lines": [], "summary": {"covered_lines": 0, "num_statements": 0, "percent_covered": 100.0, "percent_covered_display": "100", "missing_lines": 0, "excluded_lines": 0}, "missing_lines": [], "excluded_lines": []}, "": {"executed_lines": [1, 3, 4, 5, 6, 8, 9, 12, 15, 16, 19, 22, 27, 30, 33, 34, 37, 38, 39, 42, 43, 46, 51, 54, 59, 61, 62, 63, 64, 68, 75, 76, 77, 82, 84, 85, 86, 93, 95, 96, 99, 114, 115, 128, 131, 144, 147, 148, 149, 152, 154, 156, 157, 158, 161, 164, 167, 168, 171, 172, 177, 179, 180, 189, 190, 191, 192, 193, 195], "summary": {"covered_lines": 67, "num_statements": 87, "percent_covered": 77.01149425287356, "percent_covered_display": "77", "missing_lines": 20, "excluded_lines": 0}, "missing_lines": [65, 79, 87, 88, 89, 90, 116, 118, 119, 120, 121, 122, 123, 124, 126, 173, 174, 183, 184, 185], "excluded_lines": []}}}, "src/cc_orchestrator/core/__init__.py": {"executed_lines": [1, 3, 4, 6], "summary": {"covered_lines": 3, "num_statements": 3, "percent_covered": 100.0, "percent_covered_display": "100", "missing_lines": 0, "excluded_lines": 0}, "missing_lines": [], "excluded_lines": [], "functions": {"": {"executed_lines": [1, 3, 4, 6], "summary": {"covered_lines": 3, "num_statements": 3, "percent_covered": 100.0, "percent_covered_display": "100", "missing_lines": 0, "excluded_lines": 0}, "missing_lines": [], "excluded_lines": []}}, "classes": {"": {"executed_lines": [1, 3, 4, 6], "summary": {"covered_lines": 3, "num_statements": 3, "percent_covered": 100.0, "percent_covered_display": "100", "missing_lines": 0, "excluded_lines": 0}, "missing_lines": [], "excluded_lines": []}}}, "src/cc_orchestrator/core/git_operations.py": {"executed_lines": [1, 3, 4, 5, 6, 8, 9, 11, 13, 16, 17, 19, 22, 23, 25, 31, 32, 34, 35, 37, 38, 39, 40, 41, 44, 46, 56, 58, 60, 61, 63, 64, 65, 66, 67, 68, 70, 71, 72, 73, 74, 75, 76, 77, 78, 79, 82, 83, 85, 86, 88, 89, 90, 92, 116, 118, 121, 122, 125, 127, 128, 129, 130, 131, 132, 133, 134, 136, 139, 141, 142, 143, 144, 146, 149, 150, 152, 159, 160, 162, 163, 164, 165, 166, 167, 169, 182, 183, 186, 187, 188, 191, 192, 194, 195, 196, 197, 198, 199, 200, 202, 205, 206, 207, 208, 210, 213, 214, 215, 216, 217, 218, 220, 221, 223, 224, 225, 226, 227, 228, 230, 241, 242, 245, 246, 248, 249, 250, 251, 254, 255, 258, 259, 260, 262, 263, 264, 265, 266, 268, 269, 271, 273, 275, 276, 277, 278, 279, 280, 282, 301, 302, 304, 305, 308, 311, 312, 313, 316, 323, 324, 325, 326, 327, 332, 334, 339, 340, 341, 343, 353, 354, 356, 357, 358, 359, 360, 362, 372, 373, 376, 377, 378, 380], "summary": {"covered_lines": 181, "num_statements": 181, "percent_covered": 100.0, "percent_covered_display": "100", "missing_lines": 0, "excluded_lines": 0}, "missing_lines": [], "excluded_lines": [], "functions": {"GitWorktreeManager.__init__": {"executed_lines": [31, 32], "summary": {"covered_lines": 2, "num_statements": 2, "percent_covered": 100.0, "percent_covered_display": "100", "missing_lines": 0, "excluded_lines": 0}, "missing_lines": [], "excluded_lines": []}, "GitWorktreeManager.repo": {"executed_lines": [37, 38, 39, 40, 41, 44], "summary": {"covered_lines": 6, "num_statements": 6, "percent_covered": 100.0, "percent_covered_display": "100", "missing_lines": 0, "excluded_lines": 0}, "missing_lines": [], "excluded_lines": []}, "GitWorktreeManager.list_worktrees": {"executed_lines": [56, 58, 60, 61, 63, 64, 65, 66, 67, 68, 70, 71, 72, 73, 74, 75, 76, 77, 78, 79, 82, 83, 85, 86, 88, 89, 90], "summary": {"covered_lines": 27, "num_statements": 27, "percent_covered": 100.0, "percent_covered_display": "100", "missing_lines": 0, "excluded_lines": 0}, "missing_lines": [], "excluded_lines": []}, "GitWorktreeManager.create_worktree": {"executed_lines": [116, 118, 121, 122, 125, 127, 128, 129, 130, 131, 132, 133, 134, 136, 139, 141, 142, 143, 144, 146, 149, 150, 152, 159, 160, 162, 163, 164, 165, 166, 167], "summary": {"covered_lines": 31, "num_statements": 31, "percent_covered": 100.0, "percent_covered_display": "100", "missing_lines": 0, "excluded_lines": 0}, "missing_lines": [], "excluded_lines": []}, "GitWorktreeManager.remove_worktree": {"executed_lines": [182, 183, 186, 187, 188, 191, 192, 194, 195, 196, 197, 198, 199, 200, 202, 205, 206, 207, 208, 210, 213, 214, 215, 216, 217, 218, 220, 221, 223, 224, 225, 226, 227, 228], "summary": {"covered_lines": 34, "num_statements": 34, "percent_covered": 100.0, "percent_covered_display": "100", "missing_lines": 0, "excluded_lines": 0}, "missing_lines": [], "excluded_lines": []}, "GitWorktreeManager.cleanup_worktrees": {"executed_lines": [241, 242, 245, 246, 248, 249, 250, 251, 254, 255, 258, 259, 260, 262, 263, 264, 265, 266, 268, 269, 271, 273, 275, 276, 277, 278, 279, 280], "summary": {"covered_lines": 28, "num_statements": 28, "percent_covered": 100.0, "percent_covered_display": "100", "missing_lines": 0, "excluded_lines": 0}, "missing_lines": [], "excluded_lines": []}, "GitWorktreeManager.get_worktree_status": {"executed_lines": [301, 302, 304, 305, 308, 311, 312, 313, 316, 323, 324, 325, 326, 327, 332, 334, 339, 340, 341, 343, 353, 354, 356, 357, 358, 359, 360], "summary": {"covered_lines": 27, "num_statements": 27, "percent_covered": 100.0, "percent_covered_display": "100", "missing_lines": 0, "excluded_lines": 0}, "missing_lines": [], "excluded_lines": []}, "GitWorktreeManager.generate_worktree_path": {"executed_lines": [372, 373, 376, 377, 378, 380], "summary": {"covered_lines": 6, "num_statements": 6, "percent_covered": 100.0, "percent_covered_display": "100", "missing_lines": 0, "excluded_lines": 0}, "missing_lines": [], "excluded_lines": []}, "": {"executed_lines": [1, 3, 4, 5, 6, 8, 9, 11, 13, 16, 17, 19, 22, 23, 25, 34, 35, 46, 92, 169, 230, 282, 362], "summary": {"covered_lines": 20, "num_statements": 20, "percent_covered": 100.0, "percent_covered_display": "100", "missing_lines": 0, "excluded_lines": 0}, "missing_lines": [], "excluded_lines": []}}, "classes": {"GitWorktreeError": {"executed_lines": [], "summary": {"covered_lines": 0, "num_statements": 0, "percent_covered": 100.0, "percent_covered_display": "100", "missing_lines": 0, "excluded_lines": 0}, "missing_lines": [], "excluded_lines": []}, "GitWorktreeManager": {"executed_lines": [31, 32, 37, 38, 39, 40, 41, 44, 56, 58, 60, 61, 63, 64, 65, 66, 67, 68, 70, 71, 72, 73, 74, 75, 76, 77, 78, 79, 82, 83, 85, 86, 88, 89, 90, 116, 118, 121, 122, 125, 127, 128, 129, 130, 131, 132, 133, 134, 136, 139, 141, 142, 143, 144, 146, 149, 150, 152, 159, 160, 162, 163, 164, 165, 166, 167, 182, 183, 186, 187, 188, 191, 192, 194, 195, 196, 197, 198, 199, 200, 202, 205, 206, 207, 208, 210, 213, 214, 215, 216, 217, 218, 220, 221, 223, 224, 225, 226, 227, 228, 241, 242, 245, 246, 248, 249, 250, 251, 254, 255, 258, 259, 260, 262, 263, 264, 265, 266, 268, 269, 271, 273, 275, 276, 277, 278, 279, 280, 301, 302, 304, 305, 308, 311, 312, 313, 316, 323, 324, 325, 326, 327, 332, 334, 339, 340, 341, 343, 353, 354, 356, 357, 358, 359, 360, 372, 373, 376, 377, 378, 380], "summary": {"covered_lines": 161, "num_statements": 161, "percent_covered": 100.0, "percent_covered_display": "100", "missing_lines": 0, "excluded_lines": 0}, "missing_lines": [], "excluded_lines": []}, "": {"executed_lines": [1, 3, 4, 5, 6, 8, 9, 11, 13, 16, 17, 19, 22, 23, 25, 34, 35, 46, 92, 169, 230, 282, 362], "summary": {"covered_lines": 20, "num_statements": 20, "percent_covered": 100.0, "percent_covered_display": "100", "missing_lines": 0, "excluded_lines": 0}, "missing_lines": [], "excluded_lines": []}}}, "src/cc_orchestrator/core/instance.py": {"executed_lines": [1, 3, 4, 5, 6, 8, 9, 15, 18, 19, 21, 22, 23, 24, 27, 28, 30, 47, 48, 51, 52, 54, 55, 56, 57, 58, 61, 62, 64, 66, 68, 74, 75, 77, 80, 81, 86, 87, 89, 95, 96, 97, 99, 101, 103, 111, 112, 113, 115, 120, 122, 130, 131, 136, 137, 139, 145, 146, 147, 149, 151, 153, 155, 156, 157, 158, 160, 163, 178, 184, 186, 192, 193, 198, 204, 217, 228, 230, 232, 233, 236, 242, 245, 246, 247, 248, 251, 254], "summary": {"covered_lines": 85, "num_statements": 97, "percent_covered": 87.62886597938144, "percent_covered_display": "88", "missing_lines": 12, "excluded_lines": 0}, "missing_lines": [123, 128, 129, 165, 168, 170, 171, 176, 196, 218, 226, 252], "excluded_lines": [], "functions": {"ClaudeInstance.__init__": {"executed_lines": [47, 48, 51, 52, 54, 55, 56, 57, 58, 61, 62], "summary": {"covered_lines": 11, "num_statements": 11, "percent_covered": 100.0, "percent_covered_display": "100", "missing_lines": 0, "excluded_lines": 0}, "missing_lines": [], "excluded_lines": []}, "ClaudeInstance.initialize": {"executed_lines": [66, 68, 74, 75, 77, 80, 81, 86, 87], "summary": {"covered_lines": 9, "num_statements": 9, "percent_covered": 100.0, "percent_covered_display": "100", "missing_lines": 0, "excluded_lines": 0}, "missing_lines": [], "excluded_lines": []}, "ClaudeInstance.start": {"executed_lines": [95, 96, 97, 99, 101, 103, 111, 112, 113, 115, 120, 122, 130, 131, 136, 137], "summary": {"covered_lines": 16, "num_statements": 19, "percent_covered": 84.21052631578948, "percent_covered_display": "84", "missing_lines": 3, "excluded_lines": 0}, "missing_lines": [123, 128, 129], "excluded_lines": []}, "ClaudeInstance.stop": {"executed_lines": [145, 146, 147, 149, 151, 153, 155, 156, 157, 158, 160, 163], "summary": {"covered_lines": 12, "num_statements": 17, "percent_covered": 70.58823529411765, "percent_covered_display": "71", "missing_lines": 5, "excluded_lines": 0}, "missing_lines": [165, 168, 170, 171, 176], "excluded_lines": []}, "ClaudeInstance.is_running": {"executed_lines": [184], "summary": {"covered_lines": 1, "num_statements": 1, "percent_covered": 100.0, "percent_covered_display": "100", "missing_lines": 0, "excluded_lines": 0}, "missing_lines": [], "excluded_lines": []}, "ClaudeInstance.get_process_status": {"executed_lines": [192, 193], "summary": {"covered_lines": 2, "num_statements": 3, "percent_covered": 66.66666666666667, "percent_covered_display": "67", "missing_lines": 1, "excluded_lines": 0}, "missing_lines": [196], "excluded_lines": []}, "ClaudeInstance.get_info": {"executed_lines": [204, 217, 228], "summary": {"covered_lines": 3, "num_statements": 5, "percent_covered": 60.0, "percent_covered_display": "60", "missing_lines": 2, "excluded_lines": 0}, "missing_lines": [218, 226], "excluded_lines": []}, "ClaudeInstance.cleanup": {"executed_lines": [232, 233], "summary": {"covered_lines": 2, "num_statements": 2, "percent_covered": 100.0, "percent_covered_display": "100", "missing_lines": 0, "excluded_lines": 0}, "missing_lines": [], "excluded_lines": []}, "ClaudeInstance._get_environment_variables": {"executed_lines": [242, 245, 246, 247, 248, 251, 254], "summary": {"covered_lines": 7, "num_statements": 8, "percent_covered": 87.5, "percent_covered_display": "88", "missing_lines": 1, "excluded_lines": 0}, "missing_lines": [252], "excluded_lines": []}, "": {"executed_lines": [1, 3, 4, 5, 6, 8, 9, 15, 18, 19, 21, 22, 23, 24, 27, 28, 30, 64, 89, 139, 178, 186, 198, 230, 236], "summary": {"covered_lines": 22, "num_statements": 22, "percent_covered": 100.0, "percent_covered_display": "100", "missing_lines": 0, "excluded_lines": 0}, "missing_lines": [], "excluded_lines": []}}, "classes": {"InstanceStatus": {"executed_lines": [], "summary": {"covered_lines": 0, "num_statements": 0, "percent_covered": 100.0, "percent_covered_display": "100", "missing_lines": 0, "excluded_lines": 0}, "missing_lines": [], "excluded_lines": []}, "ClaudeInstance": {"executed_lines": [47, 48, 51, 52, 54, 55, 56, 57, 58, 61, 62, 66, 68, 74, 75, 77, 80, 81, 86, 87, 95, 96, 97, 99, 101, 103, 111, 112, 113, 115, 120, 122, 130, 131, 136, 137, 145, 146, 147, 149, 151, 153, 155, 156, 157, 158, 160, 163, 184, 192, 193, 204, 217, 228, 232, 233, 242, 245, 246, 247, 248, 251, 254], "summary": {"covered_lines": 63, "num_statements": 75, "percent_covered": 84.0, "percent_covered_display": "84", "missing_lines": 12, "excluded_lines": 0}, "missing_lines": [123, 128, 129, 165, 168, 170, 171, 176, 196, 218, 226, 252], "excluded_lines": []}, "": {"executed_lines": [1, 3, 4, 5, 6, 8, 9, 15, 18, 19, 21, 22, 23, 24, 27, 28, 30, 64, 89, 139, 178, 186, 198, 230, 236], "summary": {"covered_lines": 22, "num_statements": 22, "percent_covered": 100.0, "percent_covered_display": "100", "missing_lines": 0, "excluded_lines": 0}, "missing_lines": [], "excluded_lines": []}}}, "src/cc_orchestrator/core/logging_utils.py": {"executed_lines": [1, 11, 12, 14, 23, 24, 25, 26, 29, 31, 40, 42, 45, 52, 53, 55, 56, 59, 60, 70, 74, 75, 76, 78, 86, 90, 91, 93, 94, 96, 99, 106, 115, 119, 120, 122, 131, 136, 141, 145, 152, 156, 161, 172, 174], "summary": {"covered_lines": 44, "num_statements": 48, "percent_covered": 91.66666666666667, "percent_covered_display": "92", "missing_lines": 4, "excluded_lines": 0}, "missing_lines": [62, 133, 138, 165], "excluded_lines": [], "functions": {"log_orchestrator_start": {"executed_lines": [31], "summary": {"covered_lines": 1, "num_statements": 1, "percent_covered": 100.0, "percent_covered_display": "100", "missing_lines": 0, "excluded_lines": 0}, "missing_lines": [], "excluded_lines": []}, "log_orchestrator_shutdown": {"executed_lines": [42], "summary": {"covered_lines": 1, "num_statements": 1, "percent_covered": 100.0, "percent_covered_display": "100", "missing_lines": 0, "excluded_lines": 0}, "missing_lines": [], "excluded_lines": []}, "log_instance_lifecycle": {"executed_lines": [52, 53, 55, 56, 59, 60], "summary": {"covered_lines": 6, "num_statements": 7, "percent_covered": 85.71428571428571, "percent_covered_display": "86", "missing_lines": 1, "excluded_lines": 0}, "missing_lines": [62], "excluded_lines": []}, "log_task_assignment": {"executed_lines": [74, 75, 76, 78], "summary": {"covered_lines": 4, "num_statements": 4, "percent_covered": 100.0, "percent_covered_display": "100", "missing_lines": 0, "excluded_lines": 0}, "missing_lines": [], "excluded_lines": []}, "log_task_status_change": {"executed_lines": [90, 91, 93, 94, 96], "summary": {"covered_lines": 5, "num_statements": 5, "percent_covered": 100.0, "percent_covered_display": "100", "missing_lines": 0, "excluded_lines": 0}, "missing_lines": [], "excluded_lines": []}, "log_database_operation": {"executed_lines": [106], "summary": {"covered_lines": 1, "num_statements": 1, "percent_covered": 100.0, "percent_covered_display": "100", "missing_lines": 0, "excluded_lines": 0}, "missing_lines": [], "excluded_lines": []}, "log_resource_usage": {"executed_lines": [119, 120, 122], "summary": {"covered_lines": 3, "num_statements": 3, "percent_covered": 100.0, "percent_covered_display": "100", "missing_lines": 0, "excluded_lines": 0}, "missing_lines": [], "excluded_lines": []}, "log_instance_operation": {"executed_lines": [], "summary": {"covered_lines": 0, "num_statements": 1, "percent_covered": 0.0, "percent_covered_display": "0", "missing_lines": 1, "excluded_lines": 0}, "missing_lines": [133], "excluded_lines": []}, "log_task_operation": {"executed_lines": [], "summary": {"covered_lines": 0, "num_statements": 1, "percent_covered": 0.0, "percent_covered_display": "0", "missing_lines": 1, "excluded_lines": 0}, "missing_lines": [138], "excluded_lines": []}, "handle_instance_errors": {"executed_lines": [145], "summary": {"covered_lines": 1, "num_statements": 1, "percent_covered": 100.0, "percent_covered_display": "100", "missing_lines": 0, "excluded_lines": 0}, "missing_lines": [], "excluded_lines": []}, "handle_task_errors": {"executed_lines": [156], "summary": {"covered_lines": 1, "num_statements": 1, "percent_covered": 100.0, "percent_covered_display": "100", "missing_lines": 0, "excluded_lines": 0}, "missing_lines": [], "excluded_lines": []}, "handle_database_errors": {"executed_lines": [], "summary": {"covered_lines": 0, "num_statements": 1, "percent_covered": 0.0, "percent_covered_display": "0", "missing_lines": 1, "excluded_lines": 0}, "missing_lines": [165], "excluded_lines": []}, "track_performance": {"executed_lines": [174], "summary": {"covered_lines": 1, "num_statements": 1, "percent_covered": 100.0, "percent_covered_display": "100", "missing_lines": 0, "excluded_lines": 0}, "missing_lines": [], "excluded_lines": []}, "": {"executed_lines": [1, 11, 12, 14, 23, 24, 25, 26, 29, 40, 45, 70, 86, 99, 115, 131, 136, 141, 152, 161, 172], "summary": {"covered_lines": 20, "num_statements": 20, "percent_covered": 100.0, "percent_covered_display": "100", "missing_lines": 0, "excluded_lines": 0}, "missing_lines": [], "excluded_lines": []}}, "classes": {"": {"executed_lines": [1, 11, 12, 14, 23, 24, 25, 26, 29, 31, 40, 42, 45, 52, 53, 55, 56, 59, 60, 70, 74, 75, 76, 78, 86, 90, 91, 93, 94, 96, 99, 106, 115, 119, 120, 122, 131, 136, 141, 145, 152, 156, 161, 172, 174], "summary": {"covered_lines": 44, "num_statements": 48, "percent_covered": 91.66666666666667, "percent_covered_display": "92", "missing_lines": 4, "excluded_lines": 0}, "missing_lines": [62, 133, 138, 165], "excluded_lines": []}}}, "src/cc_orchestrator/core/orchestrator.py": {"executed_lines": [1, 3, 5, 6, 7, 9, 12, 13, 15, 21, 22, 23, 25, 30, 32, 41, 43, 49, 51, 61, 62, 64, 65, 66, 67, 69, 78, 79, 80, 81, 82, 84, 86, 89, 90, 91, 94, 96], "summary": {"covered_lines": 36, "num_statements": 36, "percent_covered": 100.0, "percent_covered_display": "100", "missing_lines": 0, "excluded_lines": 0}, "missing_lines": [], "excluded_lines": [], "functions": {"Orchestrator.__init__": {"executed_lines": [21, 22, 23], "summary": {"covered_lines": 3, "num_statements": 3, "percent_covered": 100.0, "percent_covered_display": "100", "missing_lines": 0, "excluded_lines": 0}, "missing_lines": [], "excluded_lines": []}, "Orchestrator.initialize": {"executed_lines": [30], "summary": {"covered_lines": 1, "num_statements": 1, "percent_covered": 100.0, "percent_covered_display": "100", "missing_lines": 0, "excluded_lines": 0}, "missing_lines": [], "excluded_lines": []}, "Orchestrator.get_instance": {"executed_lines": [41], "summary": {"covered_lines": 1, "num_statements": 1, "percent_covered": 100.0, "percent_covered_display": "100", "missing_lines": 0, "excluded_lines": 0}, "missing_lines": [], "excluded_lines": []}, "Orchestrator.list_instances": {"executed_lines": [49], "summary": {"covered_lines": 1, "num_statements": 1, "percent_covered": 100.0, "percent_covered_display": "100", "missing_lines": 0, "excluded_lines": 0}, "missing_lines": [], "excluded_lines": []}, "Orchestrator.create_instance": {"executed_lines": [61, 62, 64, 65, 66, 67], "summary": {"covered_lines": 6, "num_statements": 6, "percent_covered": 100.0, "percent_covered_display": "100", "missing_lines": 0, "excluded_lines": 0}, "missing_lines": [], "excluded_lines": []}, "Orchestrator.destroy_instance": {"executed_lines": [78, 79, 80, 81, 82], "summary": {"covered_lines": 5, "num_statements": 5, "percent_covered": 100.0, "percent_covered_display": "100", "missing_lines": 0, "excluded_lines": 0}, "missing_lines": [], "excluded_lines": []}, "Orchestrator.cleanup": {"executed_lines": [86, 89, 90, 91, 94, 96], "summary": {"covered_lines": 6, "num_statements": 6, "percent_covered": 100.0, "percent_covered_display": "100", "missing_lines": 0, "excluded_lines": 0}, "missing_lines": [], "excluded_lines": []}, "": {"executed_lines": [1, 3, 5, 6, 7, 9, 12, 13, 15, 25, 32, 43, 51, 69, 84], "summary": {"covered_lines": 13, "num_statements": 13, "percent_covered": 100.0, "percent_covered_display": "100", "missing_lines": 0, "excluded_lines": 0}, "missing_lines": [], "excluded_lines": []}}, "classes": {"Orchestrator": {"executed_lines": [21, 22, 23, 30, 41, 49, 61, 62, 64, 65, 66, 67, 78, 79, 80, 81, 82, 86, 89, 90, 91, 94, 96], "summary": {"covered_lines": 23, "num_statements": 23, "percent_covered": 100.0, "percent_covered_display": "100", "missing_lines": 0, "excluded_lines": 0}, "missing_lines": [], "excluded_lines": []}, "": {"executed_lines": [1, 3, 5, 6, 7, 9, 12, 13, 15, 25, 32, 43, 51, 69, 84], "summary": {"covered_lines": 13, "num_statements": 13, "percent_covered": 100.0, "percent_covered_display": "100", "missing_lines": 0, "excluded_lines": 0}, "missing_lines": [], "excluded_lines": []}}}, "src/cc_orchestrator/core/worktree_service.py": {"executed_lines": [1, 3, 4, 5, 7, 8, 9, 10, 11, 13, 16, 17, 19, 22, 23, 25, 35, 37, 38, 39, 41, 44, 45, 49, 58, 59, 61, 62, 64, 65, 66, 82, 83, 85, 110, 112, 113, 115, 119, 122, 130, 131, 145, 153, 155, 165, 166, 168, 169, 170, 175, 188, 189, 191, 192, 193, 195, 196, 198, 201, 205, 207, 208, 209, 210, 212, 213, 222, 230, 231, 233, 235, 238, 239, 241, 242, 243, 246, 247, 249, 250, 252, 254, 257, 263, 272, 273, 274, 276, 278, 279, 281, 283, 286, 287, 289, 290, 295, 298, 301, 307, 314, 333, 335, 341, 344, 350, 359, 360, 362, 363, 365, 366, 369, 372, 385, 391, 393, 394, 395, 396, 399], "summary": {"covered_lines": 119, "num_statements": 145, "percent_covered": 82.06896551724138, "percent_covered_display": "82", "missing_lines": 26, "excluded_lines": 0}, "missing_lines": [171, 172, 173, 215, 216, 217, 218, 219, 220, 259, 260, 261, 296, 316, 317, 322, 323, 328, 346, 347, 348, 387, 388, 389, 397, 398], "excluded_lines": [], "functions": {"WorktreeService.__init__": {"executed_lines": [35, 37, 38, 39, 41, 44, 45], "summary": {"covered_lines": 7, "num_statements": 7, "percent_covered": 100.0, "percent_covered_display": "100", "missing_lines": 0, "excluded_lines": 0}, "missing_lines": [], "excluded_lines": []}, "WorktreeService.list_worktrees": {"executed_lines": [58, 59, 61, 62, 64, 65, 66, 82, 83], "summary": {"covered_lines": 9, "num_statements": 9, "percent_covered": 100.0, "percent_covered_display": "100", "missing_lines": 0, "excluded_lines": 0}, "missing_lines": [], "excluded_lines": []}, "WorktreeService.create_worktree": {"executed_lines": [110, 112, 113, 115, 119, 122, 130, 131, 145, 153, 155, 165, 166, 168, 169, 170], "summary": {"covered_lines": 16, "num_statements": 19, "percent_covered": 84.21052631578948, "percent_covered_display": "84", "missing_lines": 3, "excluded_lines": 0}, "missing_lines": [171, 172, 173], "excluded_lines": []}, "WorktreeService.remove_worktree": {"executed_lines": [188, 189, 191, 192, 193, 195, 196, 198, 201, 205, 207, 208, 209, 210, 212, 213], "summary": {"covered_lines": 16, "num_statements": 22, "percent_covered": 72.72727272727273, "percent_covered_display": "73", "missing_lines": 6, "excluded_lines": 0}, "missing_lines": [215, 216, 217, 218, 219, 220], "excluded_lines": []}, "WorktreeService.cleanup_worktrees": {"executed_lines": [230, 231, 233, 235, 238, 239, 241, 242, 243, 246, 247, 249, 250, 252, 254, 257], "summary": {"covered_lines": 16, "num_statements": 19, "percent_covered": 84.21052631578948, "percent_covered_display": "84", "missing_lines": 3, "excluded_lines": 0}, "missing_lines": [259, 260, 261], "excluded_lines": []}, "WorktreeService.sync_worktrees": {"executed_lines": [272, 273, 274, 276, 278, 279, 281, 283, 286, 287, 289, 290, 295, 298, 301, 307, 314, 333, 335, 341, 344], "summary": {"covered_lines": 21, "num_statements": 30, "percent_covered": 70.0, "percent_covered_display": "70", "missing_lines": 9, "excluded_lines": 0}, "missing_lines": [296, 316, 317, 322, 323, 328, 346, 347, 348], "excluded_lines": []}, "WorktreeService.get_worktree_status": {"executed_lines": [359, 360, 362, 363, 365, 366, 369, 372, 385], "summary": {"covered_lines": 9, "num_statements": 12, "percent_covered": 75.0, "percent_covered_display": "75", "missing_lines": 3, "excluded_lines": 0}, "missing_lines": [387, 388, 389], "excluded_lines": []}, "WorktreeService._get_repository_url": {"executed_lines": [393, 394, 395, 396, 399], "summary": {"covered_lines": 5, "num_statements": 7, "percent_covered": 71.42857142857143, "percent_covered_display": "71", "missing_lines": 2, "excluded_lines": 0}, "missing_lines": [397, 398], "excluded_lines": []}, "": {"executed_lines": [1, 3, 4, 5, 7, 8, 9, 10, 11, 13, 16, 17, 19, 22, 23, 25, 49, 85, 175, 222, 263, 350, 391], "summary": {"covered_lines": 20, "num_statements": 20, "percent_covered": 100.0, "percent_covered_display": "100", "missing_lines": 0, "excluded_lines": 0}, "missing_lines": [], "excluded_lines": []}}, "classes": {"WorktreeServiceError": {"executed_lines": [], "summary": {"covered_lines": 0, "num_statements": 0, "percent_covered": 100.0, "percent_covered_display": "100", "missing_lines": 0, "excluded_lines": 0}, "missing_lines": [], "excluded_lines": []}, "WorktreeService": {"executed_lines": [35, 37, 38, 39, 41, 44, 45, 58, 59, 61, 62, 64, 65, 66, 82, 83, 110, 112, 113, 115, 119, 122, 130, 131, 145, 153, 155, 165, 166, 168, 169, 170, 188, 189, 191, 192, 193, 195, 196, 198, 201, 205, 207, 208, 209, 210, 212, 213, 230, 231, 233, 235, 238, 239, 241, 242, 243, 246, 247, 249, 250, 252, 254, 257, 272, 273, 274, 276, 278, 279, 281, 283, 286, 287, 289, 290, 295, 298, 301, 307, 314, 333, 335, 341, 344, 359, 360, 362, 363, 365, 366, 369, 372, 385, 393, 394, 395, 396, 399], "summary": {"covered_lines": 99, "num_statements": 125, "percent_covered": 79.2, "percent_covered_display": "79", "missing_lines": 26, "excluded_lines": 0}, "missing_lines": [171, 172, 173, 215, 216, 217, 218, 219, 220, 259, 260, 261, 296, 316, 317, 322, 323, 328, 346, 347, 348, 387, 388, 389, 397, 398], "excluded_lines": []}, "": {"executed_lines": [1, 3, 4, 5, 7, 8, 9, 10, 11, 13, 16, 17, 19, 22, 23, 25, 49, 85, 175, 222, 263, 350, 391], "summary": {"covered_lines": 20, "num_statements": 20, "percent_covered": 100.0, "percent_covered_display": "100", "missing_lines": 0, "excluded_lines": 0}, "missing_lines": [], "excluded_lines": []}}}, "src/cc_orchestrator/database/__init__.py": {"executed_lines": [1, 3, 10, 19, 20, 32, 40], "summary": {"covered_lines": 6, "num_statements": 6, "percent_covered": 100.0, "percent_covered_display": "100", "missing_lines": 0, "excluded_lines": 0}, "missing_lines": [], "excluded_lines": [], "functions": {"": {"executed_lines": [1, 3, 10, 19, 20, 32, 40], "summary": {"covered_lines": 6, "num_statements": 6, "percent_covered": 100.0, "percent_covered_display": "100", "missing_lines": 0, "excluded_lines": 0}, "missing_lines": [], "excluded_lines": []}}, "classes": {"": {"executed_lines": [1, 3, 10, 19, 20, 32, 40], "summary": {"covered_lines": 6, "num_statements": 6, "percent_covered": 100.0, "percent_covered_display": "100", "missing_lines": 0, "excluded_lines": 0}, "missing_lines": [], "excluded_lines": []}}}, "src/cc_orchestrator/database/connection.py": {"executed_lines": [1, 3, 4, 5, 6, 7, 9, 10, 11, 12, 14, 17, 18, 20, 33, 34, 35, 37, 38, 40, 43, 47, 48, 50, 52, 53, 55, 56, 57, 59, 60, 66, 68, 74, 75, 82, 84, 87, 89, 90, 93, 94, 95, 98, 100, 102, 104, 106, 110, 117, 121, 126, 127, 143, 154, 158, 164, 167, 199, 200, 211, 222], "summary": {"covered_lines": 60, "num_statements": 97, "percent_covered": 61.855670103092784, "percent_covered_display": "62", "missing_lines": 37, "excluded_lines": 0}, "missing_lines": [44, 62, 63, 64, 108, 112, 113, 114, 115, 119, 123, 124, 133, 134, 135, 136, 137, 138, 139, 141, 152, 156, 160, 184, 185, 186, 188, 194, 196, 206, 207, 208, 218, 219, 225, 226, 227], "excluded_lines": [], "functions": {"DatabaseManager.__init__": {"executed_lines": [33, 34, 35, 37, 38], "summary": {"covered_lines": 5, "num_statements": 5, "percent_covered": 100.0, "percent_covered_display": "100", "missing_lines": 0, "excluded_lines": 0}, "missing_lines": [], "excluded_lines": []}, "DatabaseManager._get_default_database_url": {"executed_lines": [43, 47, 48, 50], "summary": {"covered_lines": 4, "num_statements": 5, "percent_covered": 80.0, "percent_covered_display": "80", "missing_lines": 1, "excluded_lines": 0}, "missing_lines": [44], "excluded_lines": []}, "DatabaseManager.engine": {"executed_lines": [55, 56, 57], "summary": {"covered_lines": 3, "num_statements": 3, "percent_covered": 100.0, "percent_covered_display": "100", "missing_lines": 0, "excluded_lines": 0}, "missing_lines": [], "excluded_lines": []}, "DatabaseManager.session_factory": {"executed_lines": [], "summary": {"covered_lines": 0, "num_statements": 3, "percent_covered": 0.0, "percent_covered_display": "0", "missing_lines": 3, "excluded_lines": 0}, "missing_lines": [62, 63, 64], "excluded_lines": []}, "DatabaseManager._create_engine": {"executed_lines": [68, 74, 75, 82, 84, 87, 89, 90, 100], "summary": {"covered_lines": 9, "num_statements": 9, "percent_covered": 100.0, "percent_covered_display": "100", "missing_lines": 0, "excluded_lines": 0}, "missing_lines": [], "excluded_lines": []}, "DatabaseManager._create_engine.set_sqlite_pragma": {"executed_lines": [93, 94, 95, 98], "summary": {"covered_lines": 4, "num_statements": 4, "percent_covered": 100.0, "percent_covered_display": "100", "missing_lines": 0, "excluded_lines": 0}, "missing_lines": [], "excluded_lines": []}, "DatabaseManager.create_tables": {"executed_lines": [104], "summary": {"covered_lines": 1, "num_statements": 1, "percent_covered": 100.0, "percent_covered_display": "100", "missing_lines": 0, "excluded_lines": 0}, "missing_lines": [], "excluded_lines": []}, "DatabaseManager.initialize": {"executed_lines": [], "summary": {"covered_lines": 0, "num_statements": 1, "percent_covered": 0.0, "percent_covered_display": "0", "missing_lines": 1, "excluded_lines": 0}, "missing_lines": [108], "excluded_lines": []}, "DatabaseManager.close": {"executed_lines": [], "summary": {"covered_lines": 0, "num_statements": 4, "percent_covered": 0.0, "percent_covered_display": "0", "missing_lines": 4, "excluded_lines": 0}, "missing_lines": [112, 113, 114, 115], "excluded_lines": []}, "DatabaseManager.drop_tables": {"executed_lines": [], "summary": {"covered_lines": 0, "num_statements": 1, "percent_covered": 0.0, "percent_covered_display": "0", "missing_lines": 1, "excluded_lines": 0}, "missing_lines": [119], "excluded_lines": []}, "DatabaseManager.reset_database": {"executed_lines": [], "summary": {"covered_lines": 0, "num_statements": 2, "percent_covered": 0.0, "percent_covered_display": "0", "missing_lines": 2, "excluded_lines": 0}, "missing_lines": [123, 124], "excluded_lines": []}, "DatabaseManager.get_session": {"executed_lines": [], "summary": {"covered_lines": 0, "num_statements": 8, "percent_covered": 0.0, "percent_covered_display": "0", "missing_lines": 8, "excluded_lines": 0}, "missing_lines": [133, 134, 135, 136, 137, 138, 139, 141], "excluded_lines": []}, "DatabaseManager.create_session": {"executed_lines": [], "summary": {"covered_lines": 0, "num_statements": 1, "percent_covered": 0.0, "percent_covered_display": "0", "missing_lines": 1, "excluded_lines": 0}, "missing_lines": [152], "excluded_lines": []}, "DatabaseManager.__enter__": {"executed_lines": [], "summary": {"covered_lines": 0, "num_statements": 1, "percent_covered": 0.0, "percent_covered_display": "0", "missing_lines": 1, "excluded_lines": 0}, "missing_lines": [156], "excluded_lines": []}, "DatabaseManager.__exit__": {"executed_lines": [], "summary": {"covered_lines": 0, "num_statements": 1, "percent_covered": 0.0, "percent_covered_display": "0", "missing_lines": 1, "excluded_lines": 0}, "missing_lines": [160], "excluded_lines": []}, "get_database_manager": {"executed_lines": [], "summary": {"covered_lines": 0, "num_statements": 6, "percent_covered": 0.0, "percent_covered_display": "0", "missing_lines": 6, "excluded_lines": 0}, "missing_lines": [184, 185, 186, 188, 194, 196], "excluded_lines": []}, "get_db_session": {"executed_lines": [], "summary": {"covered_lines": 0, "num_statements": 3, "percent_covered": 0.0, "percent_covered_display": "0", "missing_lines": 3, "excluded_lines": 0}, "missing_lines": [206, 207, 208], "excluded_lines": []}, "initialize_database": {"executed_lines": [], "summary": {"covered_lines": 0, "num_statements": 2, "percent_covered": 0.0, "percent_covered_display": "0", "missing_lines": 2, "excluded_lines": 0}, "missing_lines": [218, 219], "excluded_lines": []}, "close_database": {"executed_lines": [], "summary": {"covered_lines": 0, "num_statements": 3, "percent_covered": 0.0, "percent_covered_display": "0", "missing_lines": 3, "excluded_lines": 0}, "missing_lines": [225, 226, 227], "excluded_lines": []}, "": {"executed_lines": [1, 3, 4, 5, 6, 7, 9, 10, 11, 12, 14, 17, 18, 20, 40, 52, 53, 59, 60, 66, 102, 106, 110, 117, 121, 126, 127, 143, 154, 158, 164, 167, 199, 200, 211, 222], "summary": {"covered_lines": 34, "num_statements": 34, "percent_covered": 100.0, "percent_covered_display": "100", "missing_lines": 0, "excluded_lines": 0}, "missing_lines": [], "excluded_lines": []}}, "classes": {"DatabaseManager": {"executed_lines": [33, 34, 35, 37, 38, 43, 47, 48, 50, 55, 56, 57, 68, 74, 75, 82, 84, 87, 89, 90, 93, 94, 95, 98, 100, 104], "summary": {"covered_lines": 26, "num_statements": 49, "percent_covered": 53.06122448979592, "percent_covered_display": "53", "missing_lines": 23, "excluded_lines": 0}, "missing_lines": [44, 62, 63, 64, 108, 112, 113, 114, 115, 119, 123, 124, 133, 134, 135, 136, 137, 138, 139, 141, 152, 156, 160], "excluded_lines": []}, "": {"executed_lines": [1, 3, 4, 5, 6, 7, 9, 10, 11, 12, 14, 17, 18, 20, 40, 52, 53, 59, 60, 66, 102, 106, 110, 117, 121, 126, 127, 143, 154, 158, 164, 167, 199, 200, 211, 222], "summary": {"covered_lines": 34, "num_statements": 48, "percent_covered": 70.83333333333333, "percent_covered_display": "71", "missing_lines": 14, "excluded_lines": 0}, "missing_lines": [184, 185, 186, 188, 194, 196, 206, 207, 208, 218, 219, 225, 226, 227], "excluded_lines": []}}}, "src/cc_orchestrator/database/crud.py": {"executed_lines": [1, 3, 4, 6, 7, 9, 24, 25, 27, 30, 31, 33, 36, 37, 39, 42, 43, 45, 46, 70, 71, 73, 81, 82, 83, 84, 85, 86, 90, 91, 104, 105, 106, 107, 109, 110, 123, 124, 125, 126, 128, 129, 146, 148, 149, 151, 153, 154, 155, 156, 158, 160, 161, 179, 182, 192, 193, 194, 196, 197, 198, 200, 201, 214, 215, 216, 217, 220, 221, 223, 224, 256, 257, 259, 271, 272, 273, 275, 276, 289, 290, 291, 292, 294, 295, 310, 312, 313, 316, 318, 325, 327, 328, 338, 340, 342, 349, 351, 352, 354, 356, 357, 372, 373, 377, 378, 379, 380, 381, 382, 384, 386, 387, 389, 390, 391, 393, 394, 395, 397, 398, 416, 419, 433, 434, 435, 437, 439, 440, 441, 444, 445, 447, 448, 476, 477, 478, 479, 480, 481, 483, 493, 494, 495, 496, 497, 498, 500, 501, 514, 515, 516, 517, 519, 520, 533, 534, 535, 536, 538, 539, 548, 550, 551, 561, 568, 569, 591, 593, 594, 595, 596, 597, 600, 602, 604, 605, 607, 608, 621, 622, 623, 624, 627, 628, 630, 631, 659, 660, 662, 672, 673, 674, 676, 677, 695, 697, 698, 699, 700, 701, 702, 703, 705, 706, 711, 712, 714, 716, 717, 718, 720, 722, 723, 741, 743, 744, 745, 746, 747, 748, 749, 751, 752, 757, 758, 760, 762, 763, 764, 766, 768, 769, 786, 791, 792, 793, 794, 796, 799, 800, 802, 803, 824, 832, 833, 834, 836, 837, 854, 857, 859, 860, 861, 862, 864, 866, 867, 877], "summary": {"covered_lines": 250, "num_statements": 250, "percent_covered": 100.0, "percent_covered_display": "100", "missing_lines": 0, "excluded_lines": 0}, "missing_lines": [], "excluded_lines": [], "functions": {"InstanceCRUD.create": {"executed_lines": [70, 71, 73, 81, 82, 83, 84, 85, 86], "summary": {"covered_lines": 9, "num_statements": 9, "percent_covered": 100.0, "percent_covered_display": "100", "missing_lines": 0, "excluded_lines": 0}, "missing_lines": [], "excluded_lines": []}, "InstanceCRUD.get_by_id": {"executed_lines": [104, 105, 106, 107], "summary": {"covered_lines": 4, "num_statements": 4, "percent_covered": 100.0, "percent_covered_display": "100", "missing_lines": 0, "excluded_lines": 0}, "missing_lines": [], "excluded_lines": []}, "InstanceCRUD.get_by_issue_id": {"executed_lines": [123, 124, 125, 126], "summary": {"covered_lines": 4, "num_statements": 4, "percent_covered": 100.0, "percent_covered_display": "100", "missing_lines": 0, "excluded_lines": 0}, "missing_lines": [], "excluded_lines": []}, "InstanceCRUD.list_all": {"executed_lines": [146, 148, 149, 151, 153, 154, 155, 156, 158], "summary": {"covered_lines": 9, "num_statements": 9, "percent_covered": 100.0, "percent_covered_display": "100", "missing_lines": 0, "excluded_lines": 0}, "missing_lines": [], "excluded_lines": []}, "InstanceCRUD.update": {"executed_lines": [179, 182, 192, 193, 194, 196, 197, 198], "summary": {"covered_lines": 8, "num_statements": 8, "percent_covered": 100.0, "percent_covered_display": "100", "missing_lines": 0, "excluded_lines": 0}, "missing_lines": [], "excluded_lines": []}, "InstanceCRUD.delete": {"executed_lines": [214, 215, 216, 217], "summary": {"covered_lines": 4, "num_statements": 4, "percent_covered": 100.0, "percent_covered_display": "100", "missing_lines": 0, "excluded_lines": 0}, "missing_lines": [], "excluded_lines": []}, "TaskCRUD.create": {"executed_lines": [256, 257, 259, 271, 272, 273], "summary": {"covered_lines": 6, "num_statements": 6, "percent_covered": 100.0, "percent_covered_display": "100", "missing_lines": 0, "excluded_lines": 0}, "missing_lines": [], "excluded_lines": []}, "TaskCRUD.get_by_id": {"executed_lines": [289, 290, 291, 292], "summary": {"covered_lines": 4, "num_statements": 4, "percent_covered": 100.0, "percent_covered_display": "100", "missing_lines": 0, "excluded_lines": 0}, "missing_lines": [], "excluded_lines": []}, "TaskCRUD.list_by_instance": {"executed_lines": [310, 312, 313, 316, 318, 325], "summary": {"covered_lines": 6, "num_statements": 6, "percent_covered": 100.0, "percent_covered_display": "100", "missing_lines": 0, "excluded_lines": 0}, "missing_lines": [], "excluded_lines": []}, "TaskCRUD.list_pending": {"executed_lines": [338, 340, 342, 349, 351, 352, 354], "summary": {"covered_lines": 7, "num_statements": 7, "percent_covered": 100.0, "percent_covered_display": "100", "missing_lines": 0, "excluded_lines": 0}, "missing_lines": [], "excluded_lines": []}, "TaskCRUD.update_status": {"executed_lines": [372, 373, 377, 378, 379, 380, 381, 382, 384, 386, 387, 389, 390, 391, 393, 394, 395], "summary": {"covered_lines": 17, "num_statements": 17, "percent_covered": 100.0, "percent_covered_display": "100", "missing_lines": 0, "excluded_lines": 0}, "missing_lines": [], "excluded_lines": []}, "TaskCRUD.update": {"executed_lines": [416, 419, 433, 434, 435, 437, 439, 440, 441], "summary": {"covered_lines": 9, "num_statements": 9, "percent_covered": 100.0, "percent_covered_display": "100", "missing_lines": 0, "excluded_lines": 0}, "missing_lines": [], "excluded_lines": []}, "WorktreeCRUD.create": {"executed_lines": [476, 477, 478, 479, 480, 481, 483, 493, 494, 495, 496, 497, 498], "summary": {"covered_lines": 13, "num_statements": 13, "percent_covered": 100.0, "percent_covered_display": "100", "missing_lines": 0, "excluded_lines": 0}, "missing_lines": [], "excluded_lines": []}, "WorktreeCRUD.get_by_path": {"executed_lines": [514, 515, 516, 517], "summary": {"covered_lines": 4, "num_statements": 4, "percent_covered": 100.0, "percent_covered_display": "100", "missing_lines": 0, "excluded_lines": 0}, "missing_lines": [], "excluded_lines": []}, "WorktreeCRUD.get_by_id": {"executed_lines": [533, 534, 535, 536], "summary": {"covered_lines": 4, "num_statements": 4, "percent_covered": 100.0, "percent_covered_display": "100", "missing_lines": 0, "excluded_lines": 0}, "missing_lines": [], "excluded_lines": []}, "WorktreeCRUD.list_all": {"executed_lines": [548], "summary": {"covered_lines": 1, "num_statements": 1, "percent_covered": 100.0, "percent_covered_display": "100", "missing_lines": 0, "excluded_lines": 0}, "missing_lines": [], "excluded_lines": []}, "WorktreeCRUD.list_by_status": {"executed_lines": [561], "summary": {"covered_lines": 1, "num_statements": 1, "percent_covered": 100.0, "percent_covered_display": "100", "missing_lines": 0, "excluded_lines": 0}, "missing_lines": [], "excluded_lines": []}, "WorktreeCRUD.update_status": {"executed_lines": [591, 593, 594, 595, 596, 597, 600, 602, 604, 605], "summary": {"covered_lines": 10, "num_statements": 10, "percent_covered": 100.0, "percent_covered_display": "100", "missing_lines": 0, "excluded_lines": 0}, "missing_lines": [], "excluded_lines": []}, "WorktreeCRUD.delete": {"executed_lines": [621, 622, 623, 624], "summary": {"covered_lines": 4, "num_statements": 4, "percent_covered": 100.0, "percent_covered_display": "100", "missing_lines": 0, "excluded_lines": 0}, "missing_lines": [], "excluded_lines": []}, "ConfigurationCRUD.create": {"executed_lines": [659, 660, 662, 672, 673, 674], "summary": {"covered_lines": 6, "num_statements": 6, "percent_covered": 100.0, "percent_covered_display": "100", "missing_lines": 0, "excluded_lines": 0}, "missing_lines": [], "excluded_lines": []}, "ConfigurationCRUD.get_value": {"executed_lines": [695, 697, 698, 699, 700, 701, 702, 703, 705, 706, 711, 712, 714, 716, 717, 718, 720], "summary": {"covered_lines": 17, "num_statements": 17, "percent_covered": 100.0, "percent_covered_display": "100", "missing_lines": 0, "excluded_lines": 0}, "missing_lines": [], "excluded_lines": []}, "ConfigurationCRUD.get_by_key_scope": {"executed_lines": [741, 743, 744, 745, 746, 747, 748, 749, 751, 752, 757, 758, 760, 762, 763, 764, 766], "summary": {"covered_lines": 17, "num_statements": 17, "percent_covered": 100.0, "percent_covered_display": "100", "missing_lines": 0, "excluded_lines": 0}, "missing_lines": [], "excluded_lines": []}, "ConfigurationCRUD.get_exact_by_key_scope": {"executed_lines": [786, 791, 792, 793, 794, 796], "summary": {"covered_lines": 6, "num_statements": 6, "percent_covered": 100.0, "percent_covered_display": "100", "missing_lines": 0, "excluded_lines": 0}, "missing_lines": [], "excluded_lines": []}, "HealthCheckCRUD.create": {"executed_lines": [824, 832, 833, 834], "summary": {"covered_lines": 4, "num_statements": 4, "percent_covered": 100.0, "percent_covered_display": "100", "missing_lines": 0, "excluded_lines": 0}, "missing_lines": [], "excluded_lines": []}, "HealthCheckCRUD.list_by_instance": {"executed_lines": [854, 857, 859, 860, 861, 862, 864], "summary": {"covered_lines": 7, "num_statements": 7, "percent_covered": 100.0, "percent_covered_display": "100", "missing_lines": 0, "excluded_lines": 0}, "missing_lines": [], "excluded_lines": []}, "HealthCheckCRUD.count_by_instance": {"executed_lines": [877], "summary": {"covered_lines": 1, "num_statements": 1, "percent_covered": 100.0, "percent_covered_display": "100", "missing_lines": 0, "excluded_lines": 0}, "missing_lines": [], "excluded_lines": []}, "": {"executed_lines": [1, 3, 4, 6, 7, 9, 24, 25, 27, 30, 31, 33, 36, 37, 39, 42, 43, 45, 46, 90, 91, 109, 110, 128, 129, 160, 161, 200, 201, 220, 221, 223, 224, 275, 276, 294, 295, 327, 328, 356, 357, 397, 398, 444, 445, 447, 448, 500, 501, 519, 520, 538, 539, 550, 551, 568, 569, 607, 608, 627, 628, 630, 631, 676, 677, 722, 723, 768, 769, 799, 800, 8
[...]
ines": [], "functions": {"QueuedMessage.is_expired": {"executed_lines": [], "summary": {"covered_lines": 0, "num_statements": 1, "percent_covered": 0.0, "percent_covered_display": "0", "missing_lines": 1, "excluded_lines": 0}, "missing_lines": [41], "excluded_lines": []}, "WebSocketConfig.__post_init__": {"executed_lines": [], "summary": {"covered_lines": 0, "num_statements": 5, "percent_covered": 0.0, "percent_covered_display": "0", "missing_lines": 5, "excluded_lines": 0}, "missing_lines": [66, 67, 73, 74, 77], "excluded_lines": []}, "WebSocketConfig.from_environment": {"executed_lines": [], "summary": {"covered_lines": 0, "num_statements": 1, "percent_covered": 0.0, "percent_covered_display": "0", "missing_lines": 1, "excluded_lines": 0}, "missing_lines": [82], "excluded_lines": []}, "WebSocketMessage.__init__": {"executed_lines": [], "summary": {"covered_lines": 0, "num_statements": 5, "percent_covered": 0.0, "percent_covered_display": "0", "missing_lines": 5, "excluded_lines": 0}, "missing_lines": [100, 101, 102, 103, 104], "excluded_lines": []}, "WebSocketConnection.__init__": {"executed_lines": [], "summary": {"covered_lines": 0, "num_statements": 8, "percent_covered": 0.0, "percent_covered_display": "0", "missing_lines": 8, "excluded_lines": 0}, "missing_lines": [111, 112, 113, 114, 115, 116, 117, 118], "excluded_lines": []}, "ConnectionManager.__init__": {"executed_lines": [], "summary": {"covered_lines": 0, "num_statements": 10, "percent_covered": 0.0, "percent_covered_display": "0", "missing_lines": 10, "excluded_lines": 0}, "missing_lines": [135, 138, 141, 144, 147, 150, 153, 156, 157, 158], "excluded_lines": []}, "ConnectionManager.initialize": {"executed_lines": [], "summary": {"covered_lines": 0, "num_statements": 2, "percent_covered": 0.0, "percent_covered_display": "0", "missing_lines": 2, "excluded_lines": 0}, "missing_lines": [163, 166], "excluded_lines": []}, "ConnectionManager.cleanup": {"executed_lines": [], "summary": {"covered_lines": 0, "num_statements": 14, "percent_covered": 0.0, "percent_covered_display": "0", "missing_lines": 14, "excluded_lines": 0}, "missing_lines": [171, 172, 173, 174, 175, 176, 179, 180, 181, 182, 183, 184, 187, 188], "excluded_lines": []}, "ConnectionManager.connect": {"executed_lines": [], "summary": {"covered_lines": 0, "num_statements": 12, "percent_covered": 0.0, "percent_covered_display": "0", "missing_lines": 12, "excluded_lines": 0}, "missing_lines": [205, 206, 207, 208, 212, 214, 215, 217, 218, 220, 227, 229], "excluded_lines": []}, "ConnectionManager.disconnect": {"executed_lines": [], "summary": {"covered_lines": 0, "num_statements": 13, "percent_covered": 0.0, "percent_covered_display": "0", "missing_lines": 13, "excluded_lines": 0}, "missing_lines": [241, 242, 243, 245, 246, 249, 250, 253, 254, 255, 257, 260, 262], "excluded_lines": []}, "ConnectionManager.send_message": {"executed_lines": [], "summary": {"covered_lines": 0, "num_statements": 36, "percent_covered": 0.0, "percent_covered_display": "0", "missing_lines": 36, "excluded_lines": 0}, "missing_lines": [289, 292, 293, 298, 299, 300, 302, 303, 305, 308, 311, 314, 315, 317, 319, 320, 322, 324, 331, 333, 334, 335, 336, 338, 339, 341, 344, 347, 350, 351, 352, 353, 354, 355, 356, 357], "excluded_lines": []}, "ConnectionManager.broadcast_message": {"executed_lines": [], "summary": {"covered_lines": 0, "num_statements": 12, "percent_covered": 0.0, "percent_covered_display": "0", "missing_lines": 12, "excluded_lines": 0}, "missing_lines": [376, 377, 379, 381, 384, 387, 392, 393, 394, 396, 398, 404], "excluded_lines": []}, "ConnectionManager.subscribe": {"executed_lines": [], "summary": {"covered_lines": 0, "num_statements": 6, "percent_covered": 0.0, "percent_covered_display": "0", "missing_lines": 6, "excluded_lines": 0}, "missing_lines": [417, 418, 420, 421, 422, 424], "excluded_lines": []}, "ConnectionManager.unsubscribe": {"executed_lines": [], "summary": {"covered_lines": 0, "num_statements": 8, "percent_covered": 0.0, "percent_covered_display": "0", "missing_lines": 8, "excluded_lines": 0}, "missing_lines": [437, 438, 440, 441, 442, 445, 446, 448], "excluded_lines": []}, "ConnectionManager.handle_message": {"executed_lines": [], "summary": {"covered_lines": 0, "num_statements": 17, "percent_covered": 0.0, "percent_covered_display": "0", "missing_lines": 17, "excluded_lines": 0}, "missing_lines": [458, 459, 462, 463, 470, 473, 475, 476, 477, 479, 480, 481, 483, 491, 493, 495, 499], "excluded_lines": []}, "ConnectionManager.get_connection_stats": {"executed_lines": [], "summary": {"covered_lines": 0, "num_statements": 4, "percent_covered": 0.0, "percent_covered_display": "0", "missing_lines": 4, "excluded_lines": 0}, "missing_lines": [505, 506, 507, 509], "excluded_lines": []}, "ConnectionManager._send_queued_messages": {"executed_lines": [], "summary": {"covered_lines": 0, "num_statements": 8, "percent_covered": 0.0, "percent_covered_display": "0", "missing_lines": 8, "excluded_lines": 0}, "missing_lines": [520, 521, 523, 524, 527, 528, 529, 534], "excluded_lines": []}, "ConnectionManager._process_message": {"executed_lines": [], "summary": {"covered_lines": 0, "num_statements": 18, "percent_covered": 0.0, "percent_covered_display": "0", "missing_lines": 18, "excluded_lines": 0}, "missing_lines": [540, 542, 546, 548, 549, 550, 551, 552, 556, 558, 559, 560, 561, 562, 566, 568, 570, 574], "excluded_lines": []}, "ConnectionManager._heartbeat_monitor": {"executed_lines": [], "summary": {"covered_lines": 0, "num_statements": 12, "percent_covered": 0.0, "percent_covered_display": "0", "missing_lines": 12, "excluded_lines": 0}, "missing_lines": [578, 579, 580, 582, 583, 588, 589, 590, 592, 593, 594, 596], "excluded_lines": []}, "ConnectionManager._queue_cleanup_monitor": {"executed_lines": [], "summary": {"covered_lines": 0, "num_statements": 13, "percent_covered": 0.0, "percent_covered_display": "0", "missing_lines": 13, "excluded_lines": 0}, "missing_lines": [600, 601, 602, 605, 606, 607, 610, 617, 621, 623, 624, 625, 627], "excluded_lines": []}, "": {"executed_lines": [], "summary": {"covered_lines": 0, "num_statements": 57, "percent_covered": 0.0, "percent_covered_display": "0", "missing_lines": 57, "excluded_lines": 0}, "missing_lines": [7, 8, 9, 10, 11, 12, 13, 14, 15, 17, 18, 20, 27, 30, 33, 34, 37, 38, 40, 44, 45, 49, 50, 51, 54, 55, 58, 59, 62, 64, 79, 80, 91, 94, 95, 96, 97, 99, 107, 110, 121, 133, 160, 168, 190, 231, 269, 359, 406, 426, 450, 503, 518, 536, 576, 598, 631], "excluded_lines": []}}, "classes": {"ConnectionRefusedError": {"executed_lines": [], "summary": {"covered_lines": 0, "num_statements": 0, "percent_covered": 100.0, "percent_covered_display": "100", "missing_lines": 0, "excluded_lines": 0}, "missing_lines": [], "excluded_lines": []}, "QueuedMessage": {"executed_lines": [], "summary": {"covered_lines": 0, "num_statements": 1, "percent_covered": 0.0, "percent_covered_display": "0", "missing_lines": 1, "excluded_lines": 0}, "missing_lines": [41], "excluded_lines": []}, "WebSocketConfig": {"executed_lines": [], "summary": {"covered_lines": 0, "num_statements": 6, "percent_covered": 0.0, "percent_covered_display": "0", "missing_lines": 6, "excluded_lines": 0}, "missing_lines": [66, 67, 73, 74, 77, 82], "excluded_lines": []}, "WebSocketMessage": {"executed_lines": [], "summary": {"covered_lines": 0, "num_statements": 5, "percent_covered": 0.0, "percent_covered_display": "0", "missing_lines": 5, "excluded_lines": 0}, "missing_lines": [100, 101, 102, 103, 104], "excluded_lines": []}, "WebSocketConnection": {"executed_lines": [], "summary": {"covered_lines": 0, "num_statements": 8, "percent_covered": 0.0, "percent_covered_display": "0", "missing_lines": 8, "excluded_lines": 0}, "missing_lines": [111, 112, 113, 114, 115, 116, 117, 118], "excluded_lines": []}, "ConnectionManager": {"executed_lines": [], "summary": {"covered_lines": 0, "num_statements": 185, "percent_covered": 0.0, "percent_covered_display": "0", "missing_lines": 185, "excluded_lines": 0}, "missing_lines": [135, 138, 141, 144, 147, 150, 153, 156, 157, 158, 163, 166, 171, 172, 173, 174, 175, 176, 179, 180, 181, 182, 183, 184, 187, 188, 205, 206, 207, 208, 212, 214, 215, 217, 218, 220, 227, 229, 241, 242, 243, 245, 246, 249, 250, 253, 254, 255, 257, 260, 262, 289, 292, 293, 298, 299, 300, 302, 303, 305, 308, 311, 314, 315, 317, 319, 320, 322, 324, 331, 333, 334, 335, 336, 338, 339, 341, 344, 347, 350, 351, 352, 353, 354, 355, 356, 357, 376, 377, 379, 381, 384, 387, 392, 393, 394, 396, 398, 404, 417, 418, 420, 421, 422, 424, 437, 438, 440, 441, 442, 445, 446, 448, 458, 459, 462, 463, 470, 473, 475, 476, 477, 479, 480, 481, 483, 491, 493, 495, 499, 505, 506, 507, 509, 520, 521, 523, 524, 527, 528, 529, 534, 540, 542, 546, 548, 549, 550, 551, 552, 556, 558, 559, 560, 561, 562, 566, 568, 570, 574, 578, 579, 580, 582, 583, 588, 589, 590, 592, 593, 594, 596, 600, 601, 602, 605, 606, 607, 610, 617, 621, 623, 624, 625, 627], "excluded_lines": []}, "": {"executed_lines": [], "summary": {"covered_lines": 0, "num_statements": 57, "percent_covered": 0.0, "percent_covered_display": "0", "missing_lines": 57, "excluded_lines": 0}, "missing_lines": [7, 8, 9, 10, 11, 12, 13, 14, 15, 17, 18, 20, 27, 30, 33, 34, 37, 38, 40, 44, 45, 49, 50, 51, 54, 55, 58, 59, 62, 64, 79, 80, 91, 94, 95, 96, 97, 99, 107, 110, 121, 133, 160, 168, 190, 231, 269, 359, 406, 426, 450, 503, 518, 536, 576, 598, 631], "excluded_lines": []}}}, "src/cc_orchestrator/web/websocket/router.py": {"executed_lines": [], "summary": {"covered_lines": 0, "num_statements": 69, "percent_covered": 0.0, "percent_covered_display": "0", "missing_lines": 69, "excluded_lines": 0}, "missing_lines": [7, 9, 11, 14, 15, 25, 28, 30, 31, 33, 34, 36, 37, 38, 39, 42, 43, 49, 50, 53, 55, 56, 57, 58, 60, 61, 62, 63, 66, 67, 73, 74, 77, 79, 80, 81, 82, 84, 85, 86, 87, 90, 91, 97, 98, 101, 103, 104, 105, 106, 108, 109, 110, 111, 114, 115, 121, 122, 125, 133, 134, 136, 137, 138, 139, 141, 142, 143, 144], "excluded_lines": [], "functions": {"websocket_endpoint": {"executed_lines": [], "summary": {"covered_lines": 0, "num_statements": 10, "percent_covered": 0.0, "percent_covered_display": "0", "missing_lines": 10, "excluded_lines": 0}, "missing_lines": [25, 28, 30, 31, 33, 34, 36, 37, 38, 39], "excluded_lines": []}, "instance_websocket": {"executed_lines": [], "summary": {"covered_lines": 0, "num_statements": 11, "percent_covered": 0.0, "percent_covered_display": "0", "missing_lines": 11, "excluded_lines": 0}, "missing_lines": [49, 50, 53, 55, 56, 57, 58, 60, 61, 62, 63], "excluded_lines": []}, "task_websocket": {"executed_lines": [], "summary": {"covered_lines": 0, "num_statements": 11, "percent_covered": 0.0, "percent_covered_display": "0", "missing_lines": 11, "excluded_lines": 0}, "missing_lines": [73, 74, 77, 79, 80, 81, 82, 84, 85, 86, 87], "excluded_lines": []}, "logs_websocket": {"executed_lines": [], "summary": {"covered_lines": 0, "num_statements": 11, "percent_covered": 0.0, "percent_covered_display": "0", "missing_lines": 11, "excluded_lines": 0}, "missing_lines": [97, 98, 101, 103, 104, 105, 106, 108, 109, 110, 111], "excluded_lines": []}, "dashboard_websocket": {"executed_lines": [], "summary": {"covered_lines": 0, "num_statements": 13, "percent_covered": 0.0, "percent_covered_display": "0", "missing_lines": 13, "excluded_lines": 0}, "missing_lines": [121, 122, 125, 133, 134, 136, 137, 138, 139, 141, 142, 143, 144], "excluded_lines": []}, "": {"executed_lines": [], "summary": {"covered_lines": 0, "num_statements": 13, "percent_covered": 0.0, "percent_covered_display": "0", "missing_lines": 13, "excluded_lines": 0}, "missing_lines": [7, 9, 11, 14, 15, 42, 43, 66, 67, 90, 91, 114, 115], "excluded_lines": []}}, "classes": {"": {"executed_lines": [], "summary": {"covered_lines": 0, "num_statements": 69, "percent_covered": 0.0, "percent_covered_display": "0", "missing_lines": 69, "excluded_lines": 0}, "missing_lines": [7, 9, 11, 14, 15, 25, 28, 30, 31, 33, 34, 36, 37, 38, 39, 42, 43, 49, 50, 53, 55, 56, 57, 58, 60, 61, 62, 63, 66, 67, 73, 74, 77, 79, 80, 81, 82, 84, 85, 86, 87, 90, 91, 97, 98, 101, 103, 104, 105, 106, 108, 109, 110, 111, 114, 115, 121, 122, 125, 133, 134, 136, 137, 138, 139, 141, 142, 143, 144], "excluded_lines": []}}}, "src/cc_orchestrator/web/websocket_manager.py": {"executed_lines": [1, 3, 4, 5, 6, 7, 8, 9, 11, 12, 14, 15, 18, 19, 21, 24, 25, 26, 27, 28, 31, 32, 33, 34, 36, 38, 39, 42, 43, 46, 48, 49, 50, 54, 55, 56, 59, 60, 61, 62, 63, 66, 67, 68, 70, 73, 82, 84, 86, 87, 88, 89, 91, 94, 95, 97, 98, 100, 101, 102, 105, 106, 107, 108, 110, 114, 115, 117, 119, 120, 121, 122, 124, 127, 128, 130, 132, 134, 136, 137, 139, 140, 141, 142, 144, 147, 148, 150, 152, 156, 157, 159, 160, 161, 162, 163, 165, 168, 169, 171, 173, 177, 178, 180, 184, 185, 186, 188, 190, 192, 194, 200, 201, 203, 205, 207, 215, 217, 218, 219, 220, 222, 224, 226, 227, 228, 230, 231, 239, 241, 242, 244, 245, 246, 247, 248, 251, 252, 254, 256, 258, 270, 273, 274, 275, 276, 277, 278, 281, 282], "summary": {"covered_lines": 148, "num_statements": 153, "percent_covered": 96.73202614379085, "percent_covered_display": "97", "missing_lines": 5, "excluded_lines": 0}, "missing_lines": [229, 232, 234, 236, 237], "excluded_lines": [], "functions": {"WebSocketManager.__init__": {"executed_lines": [24, 25, 26, 27, 28, 31, 32, 33, 34], "summary": {"covered_lines": 9, "num_statements": 9, "percent_covered": 100.0, "percent_covered_display": "100", "missing_lines": 0, "excluded_lines": 0}, "missing_lines": [], "excluded_lines": []}, "WebSocketManager.connect": {"executed_lines": [38, 39, 42, 43, 46, 48, 49, 50, 54, 55, 56, 59, 60, 61, 62, 63, 66, 67, 68, 70, 73, 82], "summary": {"covered_lines": 22, "num_statements": 22, "percent_covered": 100.0, "percent_covered_display": "100", "missing_lines": 0, "excluded_lines": 0}, "missing_lines": [], "excluded_lines": []}, "WebSocketManager.disconnect": {"executed_lines": [86, 87, 88, 89, 91, 94, 95, 97, 98, 100, 101, 102, 105, 106, 107, 108], "summary": {"covered_lines": 16, "num_statements": 16, "percent_covered": 100.0, "percent_covered_display": "100", "missing_lines": 0, "excluded_lines": 0}, "missing_lines": [], "excluded_lines": []}, "WebSocketManager.send_to_connection": {"executed_lines": [114, 115, 117, 119, 120, 121, 122, 124, 127, 128, 130, 132], "summary": {"covered_lines": 12, "num_statements": 12, "percent_covered": 100.0, "percent_covered_display": "100", "missing_lines": 0, "excluded_lines": 0}, "missing_lines": [], "excluded_lines": []}, "WebSocketManager.broadcast_to_all": {"executed_lines": [136, 137, 139, 140, 141, 142, 144, 147, 148, 150], "summary": {"covered_lines": 10, "num_statements": 10, "percent_covered": 100.0, "percent_covered_display": "100", "missing_lines": 0, "excluded_lines": 0}, "missing_lines": [], "excluded_lines": []}, "WebSocketManager.broadcast_to_subscribers": {"executed_lines": [156, 157, 159, 160, 161, 162, 163, 165, 168, 169, 171], "summary": {"covered_lines": 11, "num_statements": 11, "percent_covered": 100.0, "percent_covered_display": "100", "missing_lines": 0, "excluded_lines": 0}, "missing_lines": [], "excluded_lines": []}, "WebSocketManager.add_subscription": {"executed_lines": [177, 178], "summary": {"covered_lines": 2, "num_statements": 2, "percent_covered": 100.0, "percent_covered_display": "100", "missing_lines": 0, "excluded_lines": 0}, "missing_lines": [], "excluded_lines": []}, "WebSocketManager.remove_subscription": {"executed_lines": [184, 185, 186], "summary": {"covered_lines": 3, "num_statements": 3, "percent_covered": 100.0, "percent_covered_display": "100", "missing_lines": 0, "excluded_lines": 0}, "missing_lines": [], "excluded_lines": []}, "WebSocketManager.get_connection_count": {"executed_lines": [190], "summary": {"covered_lines": 1, "num_statements": 1, "percent_covered": 100.0, "percent_covered_display": "100", "missing_lines": 0, "excluded_lines": 0}, "missing_lines": [], "excluded_lines": []}, "WebSocketManager.get_subscriber_count": {"executed_lines": [194], "summary": {"covered_lines": 1, "num_statements": 1, "percent_covered": 100.0, "percent_covered_display": "100", "missing_lines": 0, "excluded_lines": 0}, "missing_lines": [], "excluded_lines": []}, "WebSocketManager.get_current_timestamp": {"executed_lines": [203], "summary": {"covered_lines": 1, "num_statements": 1, "percent_covered": 100.0, "percent_covered_display": "100", "missing_lines": 0, "excluded_lines": 0}, "missing_lines": [], "excluded_lines": []}, "WebSocketManager.send_heartbeat": {"executed_lines": [207], "summary": {"covered_lines": 1, "num_statements": 1, "percent_covered": 100.0, "percent_covered_display": "100", "missing_lines": 0, "excluded_lines": 0}, "missing_lines": [], "excluded_lines": []}, "WebSocketManager._start_cleanup_task": {"executed_lines": [217, 218, 219, 220, 222], "summary": {"covered_lines": 5, "num_statements": 5, "percent_covered": 100.0, "percent_covered_display": "100", "missing_lines": 0, "excluded_lines": 0}, "missing_lines": [], "excluded_lines": []}, "WebSocketManager._periodic_cleanup": {"executed_lines": [226, 227, 228, 230, 231], "summary": {"covered_lines": 5, "num_statements": 10, "percent_covered": 50.0, "percent_covered_display": "50", "missing_lines": 5, "excluded_lines": 0}, "missing_lines": [229, 232, 234, 236, 237], "excluded_lines": []}, "WebSocketManager.cleanup_stale_connections": {"executed_lines": [241, 242, 244, 245, 246, 247, 248, 251, 252, 254], "summary": {"covered_lines": 10, "num_statements": 10, "percent_covered": 100.0, "percent_covered_display": "100", "missing_lines": 0, "excluded_lines": 0}, "missing_lines": [], "excluded_lines": []}, "WebSocketManager.get_connection_stats": {"executed_lines": [258], "summary": {"covered_lines": 1, "num_statements": 1, "percent_covered": 100.0, "percent_covered_display": "100", "missing_lines": 0, "excluded_lines": 0}, "missing_lines": [], "excluded_lines": []}, "WebSocketManager.shutdown": {"executed_lines": [273, 274, 275, 276, 277, 278, 281, 282], "summary": {"covered_lines": 8, "num_statements": 8, "percent_covered": 100.0, "percent_covered_display": "100", "missing_lines": 0, "excluded_lines": 0}, "missing_lines": [], "excluded_lines": []}, "": {"executed_lines": [1, 3, 4, 5, 6, 7, 8, 9, 11, 12, 14, 15, 18, 19, 21, 36, 84, 110, 134, 152, 173, 180, 188, 192, 200, 201, 205, 215, 224, 239, 256, 270], "summary": {"covered_lines": 30, "num_statements": 30, "percent_covered": 100.0, "percent_covered_display": "100", "missing_lines": 0, "excluded_lines": 0}, "missing_lines": [], "excluded_lines": []}}, "classes": {"WebSocketManager": {"executed_lines": [24, 25, 26, 27, 28, 31, 32, 33, 34, 38, 39, 42, 43, 46, 48, 49, 50, 54, 55, 56, 59, 60, 61, 62, 63, 66, 67, 68, 70, 73, 82, 86, 87, 88, 89, 91, 94, 95, 97, 98, 100, 101, 102, 105, 106, 107, 108, 114, 115, 117, 119, 120, 121, 122, 124, 127, 128, 130, 132, 136, 137, 139, 140, 141, 142, 144, 147, 148, 150, 156, 157, 159, 160, 161, 162, 163, 165, 168, 169, 171, 177, 178, 184, 185, 186, 190, 194, 203, 207, 217, 218, 219, 220, 222, 226, 227, 228, 230, 231, 241, 242, 244, 245, 246, 247, 248, 251, 252, 254, 258, 273, 274, 275, 276, 277, 278, 281, 282], "summary": {"covered_lines": 118, "num_statements": 123, "percent_covered": 95.9349593495935, "percent_covered_display": "96", "missing_lines": 5, "excluded_lines": 0}, "missing_lines": [229, 232, 234, 236, 237], "excluded_lines": []}, "": {"executed_lines": [1, 3, 4, 5, 6, 7, 8, 9, 11, 12, 14, 15, 18, 19, 21, 36, 84, 110, 134, 152, 173, 180, 188, 192, 200, 201, 205, 215, 224, 239, 256, 270], "summary": {"covered_lines": 30, "num_statements": 30, "percent_covered": 100.0, "percent_covered_display": "100", "missing_lines": 0, "excluded_lines": 0}, "missing_lines": [], "excluded_lines": []}}}}, "totals": {"covered_lines": 4276, "num_statements": 5390, "percent_covered": 79.33209647495362, "percent_covered_display": "79", "missing_lines": 1114, "excluded_lines": 29}}